{"D:\\CalgaryLY\\cly-pern\\server\\authMiddleware.js": {"path":"D:\\CalgaryLY\\cly-pern\\server\\authMiddleware.js","statementMap":{"0":{"start":{"line":1,"column":12},"end":{"line":1,"column":35}},"1":{"start":{"line":4,"column":21},"end":{"line":4,"column":49}},"2":{"start":{"line":5,"column":16},"end":{"line":5,"column":54}},"3":{"start":{"line":7,"column":2},"end":{"line":7,"column":48}},"4":{"start":{"line":7,"column":21},"end":{"line":7,"column":48}},"5":{"start":{"line":9,"column":2},"end":{"line":13,"column":5}},"6":{"start":{"line":10,"column":4},"end":{"line":10,"column":40}},"7":{"start":{"line":10,"column":13},"end":{"line":10,"column":40}},"8":{"start":{"line":11,"column":4},"end":{"line":11,"column":20}},"9":{"start":{"line":12,"column":4},"end":{"line":12,"column":11}},"10":{"start":{"line":16,"column":0},"end":{"line":16,"column":35}}},"fnMap":{"0":{"name":"authenticateToken","decl":{"start":{"line":3,"column":9},"end":{"line":3,"column":26}},"loc":{"start":{"line":3,"column":43},"end":{"line":14,"column":1}},"line":3},"1":{"name":"(anonymous_1)","decl":{"start":{"line":9,"column":44},"end":{"line":9,"column":45}},"loc":{"start":{"line":9,"column":59},"end":{"line":13,"column":3}},"line":9}},"branchMap":{"0":{"loc":{"start":{"line":5,"column":16},"end":{"line":5,"column":54}},"type":"binary-expr","locations":[{"start":{"line":5,"column":16},"end":{"line":5,"column":26}},{"start":{"line":5,"column":30},"end":{"line":5,"column":54}}],"line":5},"1":{"loc":{"start":{"line":7,"column":2},"end":{"line":7,"column":48}},"type":"if","locations":[{"start":{"line":7,"column":2},"end":{"line":7,"column":48}},{"start":{},"end":{}}],"line":7},"2":{"loc":{"start":{"line":10,"column":4},"end":{"line":10,"column":40}},"type":"if","locations":[{"start":{"line":10,"column":4},"end":{"line":10,"column":40}},{"start":{},"end":{}}],"line":10}},"s":{"0":1,"1":0,"2":0,"3":0,"4":0,"5":0,"6":0,"7":0,"8":0,"9":0,"10":1},"f":{"0":0,"1":0},"b":{"0":[0,0],"1":[0,0],"2":[0,0]},"_coverageSchema":"1a1c01bbd47fc00a2c39e90264f33305004495a9","hash":"fadd4b820d9f3eabc2e8a3b2928a34cc09e6f40a"}
,"D:\\CalgaryLY\\cly-pern\\server\\authRoutes.js": {"path":"D:\\CalgaryLY\\cly-pern\\server\\authRoutes.js","statementMap":{"0":{"start":{"line":1,"column":16},"end":{"line":1,"column":34}},"1":{"start":{"line":2,"column":12},"end":{"line":2,"column":35}},"2":{"start":{"line":3,"column":15},"end":{"line":3,"column":32}},"3":{"start":{"line":4,"column":17},"end":{"line":4,"column":52}},"4":{"start":{"line":5,"column":15},"end":{"line":5,"column":31}},"5":{"start":{"line":9,"column":14},"end":{"line":9,"column":44}},"6":{"start":{"line":10,"column":2},"end":{"line":10,"column":13}},"7":{"start":{"line":13,"column":0},"end":{"line":56,"column":3}},"8":{"start":{"line":14,"column":30},"end":{"line":14,"column":38}},"9":{"start":{"line":16,"column":2},"end":{"line":18,"column":3}},"10":{"start":{"line":17,"column":4},"end":{"line":17,"column":80}},"11":{"start":{"line":20,"column":2},"end":{"line":55,"column":3}},"12":{"start":{"line":21,"column":15},"end":{"line":21,"column":31}},"13":{"start":{"line":22,"column":19},"end":{"line":22,"column":72}},"14":{"start":{"line":24,"column":4},"end":{"line":26,"column":5}},"15":{"start":{"line":25,"column":6},"end":{"line":25,"column":70}},"16":{"start":{"line":28,"column":18},"end":{"line":28,"column":27}},"17":{"start":{"line":29,"column":28},"end":{"line":29,"column":79}},"18":{"start":{"line":31,"column":4},"end":{"line":33,"column":5}},"19":{"start":{"line":32,"column":6},"end":{"line":32,"column":70}},"20":{"start":{"line":35,"column":18},"end":{"line":42,"column":5}},"21":{"start":{"line":44,"column":4},"end":{"line":51,"column":7}},"22":{"start":{"line":53,"column":4},"end":{"line":53,"column":41}},"23":{"start":{"line":54,"column":4},"end":{"line":54,"column":76}},"24":{"start":{"line":60,"column":0},"end":{"line":60,"column":24}}},"fnMap":{"0":{"name":"dbClient","decl":{"start":{"line":8,"column":15},"end":{"line":8,"column":23}},"loc":{"start":{"line":8,"column":26},"end":{"line":11,"column":1}},"line":8},"1":{"name":"(anonymous_1)","decl":{"start":{"line":13,"column":22},"end":{"line":13,"column":23}},"loc":{"start":{"line":13,"column":42},"end":{"line":56,"column":1}},"line":13}},"branchMap":{"0":{"loc":{"start":{"line":16,"column":2},"end":{"line":18,"column":3}},"type":"if","locations":[{"start":{"line":16,"column":2},"end":{"line":18,"column":3}},{"start":{},"end":{}}],"line":16},"1":{"loc":{"start":{"line":16,"column":6},"end":{"line":16,"column":25}},"type":"binary-expr","locations":[{"start":{"line":16,"column":6},"end":{"line":16,"column":12}},{"start":{"line":16,"column":16},"end":{"line":16,"column":25}}],"line":16},"2":{"loc":{"start":{"line":24,"column":4},"end":{"line":26,"column":5}},"type":"if","locations":[{"start":{"line":24,"column":4},"end":{"line":26,"column":5}},{"start":{},"end":{}}],"line":24},"3":{"loc":{"start":{"line":31,"column":4},"end":{"line":33,"column":5}},"type":"if","locations":[{"start":{"line":31,"column":4},"end":{"line":33,"column":5}},{"start":{},"end":{}}],"line":31},"4":{"loc":{"start":{"line":41,"column":19},"end":{"line":41,"column":53}},"type":"binary-expr","locations":[{"start":{"line":41,"column":19},"end":{"line":41,"column":45}},{"start":{"line":41,"column":49},"end":{"line":41,"column":53}}],"line":41}},"s":{"0":1,"1":1,"2":1,"3":1,"4":1,"5":0,"6":0,"7":1,"8":0,"9":0,"10":0,"11":0,"12":0,"13":0,"14":0,"15":0,"16":0,"17":0,"18":0,"19":0,"20":0,"21":0,"22":0,"23":0,"24":1},"f":{"0":0,"1":0},"b":{"0":[0,0],"1":[0,0],"2":[0,0],"3":[0,0],"4":[0,0]},"_coverageSchema":"1a1c01bbd47fc00a2c39e90264f33305004495a9","hash":"c487dc10c94c87a0517ef729f349a28da27bf573"}
,"D:\\CalgaryLY\\cly-pern\\server\\server.js": {"path":"D:\\CalgaryLY\\cly-pern\\server\\server.js","statementMap":{"0":{"start":{"line":1,"column":0},"end":{"line":1,"column":27}},"1":{"start":{"line":2,"column":16},"end":{"line":2,"column":34}},"2":{"start":{"line":3,"column":17},"end":{"line":3,"column":52}},"3":{"start":{"line":4,"column":12},"end":{"line":4,"column":21}},"4":{"start":{"line":5,"column":19},"end":{"line":5,"column":42}},"5":{"start":{"line":6,"column":26},"end":{"line":6,"column":53}},"6":{"start":{"line":7,"column":15},"end":{"line":7,"column":32}},"7":{"start":{"line":8,"column":13},"end":{"line":8,"column":28}},"8":{"start":{"line":9,"column":15},"end":{"line":9,"column":34}},"9":{"start":{"line":10,"column":45},"end":{"line":10,"column":77}},"10":{"start":{"line":11,"column":15},"end":{"line":11,"column":32}},"11":{"start":{"line":12,"column":19},"end":{"line":12,"column":43}},"12":{"start":{"line":13,"column":15},"end":{"line":13,"column":32}},"13":{"start":{"line":14,"column":30},"end":{"line":14,"column":66}},"14":{"start":{"line":17,"column":0},"end":{"line":21,"column":3}},"15":{"start":{"line":24,"column":16},"end":{"line":30,"column":2}},"16":{"start":{"line":32,"column":15},"end":{"line":32,"column":43}},"17":{"start":{"line":34,"column":0},"end":{"line":34,"column":16}},"18":{"start":{"line":35,"column":0},"end":{"line":35,"column":24}},"19":{"start":{"line":36,"column":0},"end":{"line":36,"column":23}},"20":{"start":{"line":40,"column":16},"end":{"line":40,"column":46}},"21":{"start":{"line":41,"column":4},"end":{"line":41,"column":15}},"22":{"start":{"line":46,"column":21},"end":{"line":46,"column":23}},"23":{"start":{"line":47,"column":2},"end":{"line":47,"column":49}},"24":{"start":{"line":51,"column":0},"end":{"line":51,"column":29}},"25":{"start":{"line":54,"column":0},"end":{"line":68,"column":3}},"26":{"start":{"line":55,"column":30},"end":{"line":55,"column":38}},"27":{"start":{"line":56,"column":2},"end":{"line":67,"column":3}},"28":{"start":{"line":57,"column":15},"end":{"line":57,"column":31}},"29":{"start":{"line":58,"column":27},"end":{"line":58,"column":55}},"30":{"start":{"line":59,"column":21},"end":{"line":63,"column":5}},"31":{"start":{"line":64,"column":4},"end":{"line":64,"column":56}},"32":{"start":{"line":66,"column":4},"end":{"line":66,"column":70}},"33":{"start":{"line":71,"column":0},"end":{"line":73,"column":3}},"34":{"start":{"line":72,"column":4},"end":{"line":72,"column":61}},"35":{"start":{"line":76,"column":0},"end":{"line":88,"column":3}},"36":{"start":{"line":77,"column":4},"end":{"line":87,"column":5}},"37":{"start":{"line":78,"column":19},"end":{"line":78,"column":35}},"38":{"start":{"line":79,"column":8},"end":{"line":79,"column":32}},"39":{"start":{"line":80,"column":23},"end":{"line":80,"column":53}},"40":{"start":{"line":81,"column":8},"end":{"line":84,"column":11}},"41":{"start":{"line":86,"column":8},"end":{"line":86,"column":74}},"42":{"start":{"line":91,"column":0},"end":{"line":103,"column":3}},"43":{"start":{"line":92,"column":4},"end":{"line":102,"column":5}},"44":{"start":{"line":93,"column":19},"end":{"line":93,"column":35}},"45":{"start":{"line":94,"column":8},"end":{"line":94,"column":32}},"46":{"start":{"line":95,"column":23},"end":{"line":95,"column":84}},"47":{"start":{"line":96,"column":8},"end":{"line":99,"column":11}},"48":{"start":{"line":101,"column":8},"end":{"line":101,"column":74}},"49":{"start":{"line":106,"column":0},"end":{"line":118,"column":3}},"50":{"start":{"line":107,"column":4},"end":{"line":117,"column":5}},"51":{"start":{"line":108,"column":19},"end":{"line":108,"column":35}},"52":{"start":{"line":109,"column":8},"end":{"line":109,"column":32}},"53":{"start":{"line":110,"column":37},"end":{"line":110,"column":131}},"54":{"start":{"line":111,"column":8},"end":{"line":114,"column":11}},"55":{"start":{"line":116,"column":8},"end":{"line":116,"column":74}},"56":{"start":{"line":121,"column":0},"end":{"line":134,"column":3}},"57":{"start":{"line":122,"column":4},"end":{"line":133,"column":5}},"58":{"start":{"line":123,"column":19},"end":{"line":123,"column":35}},"59":{"start":{"line":124,"column":8},"end":{"line":124,"column":33}},"60":{"start":{"line":125,"column":23},"end":{"line":125,"column":81}},"61":{"start":{"line":126,"column":8},"end":{"line":126,"column":28}},"62":{"start":{"line":127,"column":8},"end":{"line":130,"column":11}},"63":{"start":{"line":132,"column":8},"end":{"line":132,"column":74}},"64":{"start":{"line":137,"column":0},"end":{"line":150,"column":3}},"65":{"start":{"line":138,"column":4},"end":{"line":149,"column":5}},"66":{"start":{"line":139,"column":19},"end":{"line":139,"column":35}},"67":{"start":{"line":140,"column":8},"end":{"line":140,"column":33}},"68":{"start":{"line":141,"column":23},"end":{"line":141,"column":83}},"69":{"start":{"line":142,"column":8},"end":{"line":142,"column":28}},"70":{"start":{"line":143,"column":8},"end":{"line":146,"column":11}},"71":{"start":{"line":148,"column":8},"end":{"line":148,"column":74}},"72":{"start":{"line":153,"column":0},"end":{"line":164,"column":3}},"73":{"start":{"line":154,"column":4},"end":{"line":163,"column":5}},"74":{"start":{"line":155,"column":19},"end":{"line":155,"column":35}},"75":{"start":{"line":156,"column":25},"end":{"line":156,"column":57}},"76":{"start":{"line":157,"column":8},"end":{"line":160,"column":11}},"77":{"start":{"line":162,"column":8},"end":{"line":162,"column":74}},"78":{"start":{"line":167,"column":0},"end":{"line":178,"column":3}},"79":{"start":{"line":168,"column":4},"end":{"line":177,"column":5}},"80":{"start":{"line":169,"column":19},"end":{"line":169,"column":35}},"81":{"start":{"line":170,"column":25},"end":{"line":170,"column":57}},"82":{"start":{"line":171,"column":8},"end":{"line":174,"column":11}},"83":{"start":{"line":176,"column":8},"end":{"line":176,"column":74}},"84":{"start":{"line":181,"column":0},"end":{"line":202,"column":3}},"85":{"start":{"line":182,"column":126},"end":{"line":182,"column":134}},"86":{"start":{"line":184,"column":4},"end":{"line":201,"column":5}},"87":{"start":{"line":186,"column":23},"end":{"line":186,"column":27}},"88":{"start":{"line":187,"column":8},"end":{"line":189,"column":9}},"89":{"start":{"line":188,"column":12},"end":{"line":188,"column":37}},"90":{"start":{"line":192,"column":19},"end":{"line":192,"column":35}},"91":{"start":{"line":193,"column":25},"end":{"line":196,"column":20}},"92":{"start":{"line":198,"column":8},"end":{"line":198,"column":57}},"93":{"start":{"line":200,"column":8},"end":{"line":200,"column":74}},"94":{"start":{"line":205,"column":0},"end":{"line":228,"column":3}},"95":{"start":{"line":206,"column":19},"end":{"line":206,"column":29}},"96":{"start":{"line":207,"column":126},"end":{"line":207,"column":134}},"97":{"start":{"line":208,"column":4},"end":{"line":227,"column":5}},"98":{"start":{"line":209,"column":17},"end":{"line":209,"column":33}},"99":{"start":{"line":210,"column":27},"end":{"line":223,"column":20}},"100":{"start":{"line":224,"column":6},"end":{"line":224,"column":59}},"101":{"start":{"line":226,"column":6},"end":{"line":226,"column":72}},"102":{"start":{"line":231,"column":0},"end":{"line":240,"column":3}},"103":{"start":{"line":232,"column":19},"end":{"line":232,"column":29}},"104":{"start":{"line":233,"column":4},"end":{"line":239,"column":5}},"105":{"start":{"line":234,"column":19},"end":{"line":234,"column":35}},"106":{"start":{"line":235,"column":8},"end":{"line":235,"column":58}},"107":{"start":{"line":236,"column":8},"end":{"line":236,"column":90}},"108":{"start":{"line":238,"column":8},"end":{"line":238,"column":74}},"109":{"start":{"line":242,"column":0},"end":{"line":264,"column":3}},"110":{"start":{"line":243,"column":74},"end":{"line":243,"column":82}},"111":{"start":{"line":245,"column":4},"end":{"line":263,"column":5}},"112":{"start":{"line":247,"column":23},"end":{"line":247,"column":27}},"113":{"start":{"line":248,"column":8},"end":{"line":250,"column":9}},"114":{"start":{"line":249,"column":12},"end":{"line":249,"column":37}},"115":{"start":{"line":253,"column":19},"end":{"line":253,"column":35}},"116":{"start":{"line":254,"column":27},"end":{"line":257,"column":24}},"117":{"start":{"line":260,"column":8},"end":{"line":260,"column":61}},"118":{"start":{"line":262,"column":8},"end":{"line":262,"column":74}},"119":{"start":{"line":267,"column":0},"end":{"line":296,"column":3}},"120":{"start":{"line":268,"column":19},"end":{"line":268,"column":29}},"121":{"start":{"line":269,"column":74},"end":{"line":269,"column":82}},"122":{"start":{"line":272,"column":4},"end":{"line":274,"column":5}},"123":{"start":{"line":273,"column":8},"end":{"line":273,"column":116}},"124":{"start":{"line":276,"column":4},"end":{"line":295,"column":5}},"125":{"start":{"line":277,"column":20},"end":{"line":277,"column":36}},"126":{"start":{"line":278,"column":23},"end":{"line":285,"column":45}},"127":{"start":{"line":287,"column":8},"end":{"line":289,"column":9}},"128":{"start":{"line":288,"column":12},"end":{"line":288,"column":72}},"129":{"start":{"line":291,"column":8},"end":{"line":291,"column":28}},"130":{"start":{"line":293,"column":8},"end":{"line":293,"column":35}},"131":{"start":{"line":294,"column":8},"end":{"line":294,"column":65}},"132":{"start":{"line":299,"column":0},"end":{"line":308,"column":3}},"133":{"start":{"line":300,"column":19},"end":{"line":300,"column":29}},"134":{"start":{"line":301,"column":4},"end":{"line":307,"column":5}},"135":{"start":{"line":302,"column":19},"end":{"line":302,"column":35}},"136":{"start":{"line":303,"column":8},"end":{"line":303,"column":62}},"137":{"start":{"line":304,"column":8},"end":{"line":304,"column":92}},"138":{"start":{"line":306,"column":8},"end":{"line":306,"column":74}},"139":{"start":{"line":311,"column":0},"end":{"line":322,"column":3}},"140":{"start":{"line":312,"column":4},"end":{"line":321,"column":5}},"141":{"start":{"line":313,"column":19},"end":{"line":313,"column":35}},"142":{"start":{"line":314,"column":26},"end":{"line":314,"column":59}},"143":{"start":{"line":315,"column":8},"end":{"line":318,"column":11}},"144":{"start":{"line":320,"column":8},"end":{"line":320,"column":74}},"145":{"start":{"line":325,"column":0},"end":{"line":353,"column":3}},"146":{"start":{"line":326,"column":62},"end":{"line":326,"column":70}},"147":{"start":{"line":329,"column":4},"end":{"line":331,"column":5}},"148":{"start":{"line":330,"column":8},"end":{"line":330,"column":93}},"149":{"start":{"line":333,"column":4},"end":{"line":352,"column":5}},"150":{"start":{"line":334,"column":19},"end":{"line":334,"column":35}},"151":{"start":{"line":337,"column":28},"end":{"line":343,"column":24}},"152":{"start":{"line":346,"column":8},"end":{"line":349,"column":11}},"153":{"start":{"line":351,"column":8},"end":{"line":351,"column":74}},"154":{"start":{"line":356,"column":0},"end":{"line":366,"column":3}},"155":{"start":{"line":357,"column":141},"end":{"line":357,"column":149}},"156":{"start":{"line":358,"column":4},"end":{"line":365,"column":5}},"157":{"start":{"line":359,"column":19},"end":{"line":359,"column":35}},"158":{"start":{"line":360,"column":27},"end":{"line":361,"column":181}},"159":{"start":{"line":362,"column":8},"end":{"line":362,"column":61}},"160":{"start":{"line":364,"column":8},"end":{"line":364,"column":74}},"161":{"start":{"line":369,"column":0},"end":{"line":380,"column":3}},"162":{"start":{"line":370,"column":19},"end":{"line":370,"column":29}},"163":{"start":{"line":371,"column":47},"end":{"line":371,"column":55}},"164":{"start":{"line":372,"column":4},"end":{"line":379,"column":5}},"165":{"start":{"line":373,"column":19},"end":{"line":373,"column":35}},"166":{"start":{"line":374,"column":31},"end":{"line":375,"column":44}},"167":{"start":{"line":376,"column":8},"end":{"line":376,"column":65}},"168":{"start":{"line":378,"column":8},"end":{"line":378,"column":74}},"169":{"start":{"line":383,"column":0},"end":{"line":392,"column":3}},"170":{"start":{"line":384,"column":19},"end":{"line":384,"column":29}},"171":{"start":{"line":385,"column":4},"end":{"line":391,"column":5}},"172":{"start":{"line":386,"column":19},"end":{"line":386,"column":35}},"173":{"start":{"line":387,"column":8},"end":{"line":387,"column":63}},"174":{"start":{"line":388,"column":8},"end":{"line":388,"column":92}},"175":{"start":{"line":390,"column":8},"end":{"line":390,"column":74}},"176":{"start":{"line":395,"column":0},"end":{"line":405,"column":3}},"177":{"start":{"line":396,"column":92},"end":{"line":396,"column":100}},"178":{"start":{"line":397,"column":4},"end":{"line":404,"column":5}},"179":{"start":{"line":398,"column":19},"end":{"line":398,"column":35}},"180":{"start":{"line":399,"column":26},"end":{"line":400,"column":123}},"181":{"start":{"line":401,"column":8},"end":{"line":401,"column":59}},"182":{"start":{"line":403,"column":8},"end":{"line":403,"column":74}},"183":{"start":{"line":408,"column":0},"end":{"line":419,"column":3}},"184":{"start":{"line":409,"column":19},"end":{"line":409,"column":29}},"185":{"start":{"line":410,"column":92},"end":{"line":410,"column":100}},"186":{"start":{"line":411,"column":4},"end":{"line":418,"column":5}},"187":{"start":{"line":412,"column":19},"end":{"line":412,"column":35}},"188":{"start":{"line":413,"column":30},"end":{"line":414,"column":137}},"189":{"start":{"line":415,"column":8},"end":{"line":415,"column":63}},"190":{"start":{"line":417,"column":8},"end":{"line":417,"column":74}},"191":{"start":{"line":422,"column":0},"end":{"line":431,"column":3}},"192":{"start":{"line":423,"column":19},"end":{"line":423,"column":29}},"193":{"start":{"line":424,"column":4},"end":{"line":430,"column":5}},"194":{"start":{"line":425,"column":19},"end":{"line":425,"column":35}},"195":{"start":{"line":426,"column":8},"end":{"line":426,"column":69}},"196":{"start":{"line":427,"column":8},"end":{"line":427,"column":100}},"197":{"start":{"line":429,"column":8},"end":{"line":429,"column":74}},"198":{"start":{"line":434,"column":0},"end":{"line":494,"column":3}},"199":{"start":{"line":441,"column":8},"end":{"line":441,"column":16}},"200":{"start":{"line":443,"column":4},"end":{"line":493,"column":5}},"201":{"start":{"line":444,"column":19},"end":{"line":444,"column":35}},"202":{"start":{"line":447,"column":24},"end":{"line":456,"column":10}},"203":{"start":{"line":459,"column":27},"end":{"line":479,"column":9}},"204":{"start":{"line":481,"column":8},"end":{"line":485,"column":11}},"205":{"start":{"line":488,"column":8},"end":{"line":488,"column":47}},"206":{"start":{"line":489,"column":8},"end":{"line":492,"column":11}},"207":{"start":{"line":497,"column":0},"end":{"line":558,"column":3}},"208":{"start":{"line":498,"column":4},"end":{"line":557,"column":5}},"209":{"start":{"line":505,"column":12},"end":{"line":505,"column":20}},"210":{"start":{"line":507,"column":8},"end":{"line":507,"column":59}},"211":{"start":{"line":508,"column":8},"end":{"line":508,"column":54}},"212":{"start":{"line":510,"column":8},"end":{"line":512,"column":9}},"213":{"start":{"line":511,"column":12},"end":{"line":511,"column":50}},"214":{"start":{"line":514,"column":8},"end":{"line":516,"column":9}},"215":{"start":{"line":515,"column":12},"end":{"line":515,"column":68}},"216":{"start":{"line":518,"column":25},"end":{"line":538,"column":10}},"217":{"start":{"line":540,"column":8},"end":{"line":540,"column":54}},"218":{"start":{"line":542,"column":8},"end":{"line":544,"column":9}},"219":{"start":{"line":543,"column":12},"end":{"line":543,"column":63}},"220":{"start":{"line":546,"column":8},"end":{"line":549,"column":11}},"221":{"start":{"line":551,"column":8},"end":{"line":551,"column":52}},"222":{"start":{"line":552,"column":8},"end":{"line":556,"column":11}},"223":{"start":{"line":561,"column":0},"end":{"line":568,"column":3}},"224":{"start":{"line":562,"column":2},"end":{"line":562,"column":27}},"225":{"start":{"line":563,"column":2},"end":{"line":567,"column":5}},"226":{"start":{"line":570,"column":0},"end":{"line":572,"column":5}},"227":{"start":{"line":571,"column":4},"end":{"line":571,"column":55}},"228":{"start":{"line":580,"column":13},"end":{"line":580,"column":37}},"229":{"start":{"line":583,"column":0},"end":{"line":587,"column":1}},"230":{"start":{"line":584,"column":2},"end":{"line":586,"column":5}},"231":{"start":{"line":585,"column":4},"end":{"line":585,"column":62}},"232":{"start":{"line":588,"column":0},"end":{"line":588,"column":21}}},"fnMap":{"0":{"name":"dbClient","decl":{"start":{"line":39,"column":15},"end":{"line":39,"column":23}},"loc":{"start":{"line":39,"column":26},"end":{"line":42,"column":1}},"line":39},"1":{"name":"hashPassword","decl":{"start":{"line":45,"column":15},"end":{"line":45,"column":27}},"loc":{"start":{"line":45,"column":38},"end":{"line":48,"column":1}},"line":45},"2":{"name":"(anonymous_2)","decl":{"start":{"line":54,"column":31},"end":{"line":54,"column":32}},"loc":{"start":{"line":54,"column":51},"end":{"line":68,"column":1}},"line":54},"3":{"name":"(anonymous_3)","decl":{"start":{"line":71,"column":47},"end":{"line":71,"column":48}},"loc":{"start":{"line":71,"column":61},"end":{"line":73,"column":1}},"line":71},"4":{"name":"(anonymous_4)","decl":{"start":{"line":76,"column":19},"end":{"line":76,"column":20}},"loc":{"start":{"line":76,"column":39},"end":{"line":88,"column":1}},"line":76},"5":{"name":"(anonymous_5)","decl":{"start":{"line":91,"column":28},"end":{"line":91,"column":29}},"loc":{"start":{"line":91,"column":48},"end":{"line":103,"column":1}},"line":91},"6":{"name":"(anonymous_6)","decl":{"start":{"line":106,"column":33},"end":{"line":106,"column":34}},"loc":{"start":{"line":106,"column":53},"end":{"line":118,"column":1}},"line":106},"7":{"name":"(anonymous_7)","decl":{"start":{"line":121,"column":25},"end":{"line":121,"column":26}},"loc":{"start":{"line":121,"column":45},"end":{"line":134,"column":1}},"line":121},"8":{"name":"(anonymous_8)","decl":{"start":{"line":137,"column":28},"end":{"line":137,"column":29}},"loc":{"start":{"line":137,"column":48},"end":{"line":150,"column":1}},"line":137},"9":{"name":"(anonymous_9)","decl":{"start":{"line":153,"column":21},"end":{"line":153,"column":22}},"loc":{"start":{"line":153,"column":41},"end":{"line":164,"column":1}},"line":153},"10":{"name":"(anonymous_10)","decl":{"start":{"line":167,"column":21},"end":{"line":167,"column":22}},"loc":{"start":{"line":167,"column":41},"end":{"line":178,"column":1}},"line":167},"11":{"name":"(anonymous_11)","decl":{"start":{"line":181,"column":49},"end":{"line":181,"column":50}},"loc":{"start":{"line":181,"column":69},"end":{"line":202,"column":1}},"line":181},"12":{"name":"(anonymous_12)","decl":{"start":{"line":205,"column":28},"end":{"line":205,"column":29}},"loc":{"start":{"line":205,"column":48},"end":{"line":228,"column":1}},"line":205},"13":{"name":"(anonymous_13)","decl":{"start":{"line":231,"column":31},"end":{"line":231,"column":32}},"loc":{"start":{"line":231,"column":51},"end":{"line":240,"column":1}},"line":231},"14":{"name":"(anonymous_14)","decl":{"start":{"line":242,"column":46},"end":{"line":242,"column":47}},"loc":{"start":{"line":242,"column":66},"end":{"line":264,"column":1}},"line":242},"15":{"name":"(anonymous_15)","decl":{"start":{"line":267,"column":30},"end":{"line":267,"column":31}},"loc":{"start":{"line":267,"column":50},"end":{"line":296,"column":1}},"line":267},"16":{"name":"(anonymous_16)","decl":{"start":{"line":299,"column":28},"end":{"line":299,"column":29}},"loc":{"start":{"line":299,"column":48},"end":{"line":308,"column":1}},"line":299},"17":{"name":"(anonymous_17)","decl":{"start":{"line":311,"column":22},"end":{"line":311,"column":23}},"loc":{"start":{"line":311,"column":42},"end":{"line":322,"column":1}},"line":311},"18":{"name":"(anonymous_18)","decl":{"start":{"line":325,"column":23},"end":{"line":325,"column":24}},"loc":{"start":{"line":325,"column":43},"end":{"line":353,"column":1}},"line":325},"19":{"name":"(anonymous_19)","decl":{"start":{"line":356,"column":22},"end":{"line":356,"column":23}},"loc":{"start":{"line":356,"column":42},"end":{"line":366,"column":1}},"line":356},"20":{"name":"(anonymous_20)","decl":{"start":{"line":369,"column":25},"end":{"line":369,"column":26}},"loc":{"start":{"line":369,"column":45},"end":{"line":380,"column":1}},"line":369},"21":{"name":"(anonymous_21)","decl":{"start":{"line":383,"column":28},"end":{"line":383,"column":29}},"loc":{"start":{"line":383,"column":48},"end":{"line":392,"column":1}},"line":383},"22":{"name":"(anonymous_22)","decl":{"start":{"line":395,"column":29},"end":{"line":395,"column":30}},"loc":{"start":{"line":395,"column":49},"end":{"line":405,"column":1}},"line":395},"23":{"name":"(anonymous_23)","decl":{"start":{"line":408,"column":32},"end":{"line":408,"column":33}},"loc":{"start":{"line":408,"column":52},"end":{"line":419,"column":1}},"line":408},"24":{"name":"(anonymous_24)","decl":{"start":{"line":422,"column":35},"end":{"line":422,"column":36}},"loc":{"start":{"line":422,"column":55},"end":{"line":431,"column":1}},"line":422},"25":{"name":"(anonymous_25)","decl":{"start":{"line":434,"column":29},"end":{"line":434,"column":30}},"loc":{"start":{"line":434,"column":49},"end":{"line":494,"column":1}},"line":434},"26":{"name":"(anonymous_26)","decl":{"start":{"line":497,"column":33},"end":{"line":497,"column":34}},"loc":{"start":{"line":497,"column":53},"end":{"line":558,"column":1}},"line":497},"27":{"name":"(anonymous_27)","decl":{"start":{"line":561,"column":8},"end":{"line":561,"column":9}},"loc":{"start":{"line":561,"column":33},"end":{"line":568,"column":1}},"line":561},"28":{"name":"(anonymous_28)","decl":{"start":{"line":570,"column":24},"end":{"line":570,"column":25}},"loc":{"start":{"line":570,"column":38},"end":{"line":572,"column":3}},"line":570},"29":{"name":"(anonymous_29)","decl":{"start":{"line":584,"column":19},"end":{"line":584,"column":20}},"loc":{"start":{"line":584,"column":25},"end":{"line":586,"column":3}},"line":584}},"branchMap":{"0":{"loc":{"start":{"line":187,"column":8},"end":{"line":189,"column":9}},"type":"if","locations":[{"start":{"line":187,"column":8},"end":{"line":189,"column":9}},{"start":{},"end":{}}],"line":187},"1":{"loc":{"start":{"line":187,"column":12},"end":{"line":187,"column":37}},"type":"binary-expr","locations":[{"start":{"line":187,"column":12},"end":{"line":187,"column":20}},{"start":{"line":187,"column":24},"end":{"line":187,"column":37}}],"line":187},"2":{"loc":{"start":{"line":248,"column":8},"end":{"line":250,"column":9}},"type":"if","locations":[{"start":{"line":248,"column":8},"end":{"line":250,"column":9}},{"start":{},"end":{}}],"line":248},"3":{"loc":{"start":{"line":248,"column":12},"end":{"line":248,"column":37}},"type":"binary-expr","locations":[{"start":{"line":248,"column":12},"end":{"line":248,"column":20}},{"start":{"line":248,"column":24},"end":{"line":248,"column":37}}],"line":248},"4":{"loc":{"start":{"line":272,"column":4},"end":{"line":274,"column":5}},"type":"if","locations":[{"start":{"line":272,"column":4},"end":{"line":274,"column":5}},{"start":{},"end":{}}],"line":272},"5":{"loc":{"start":{"line":272,"column":8},"end":{"line":272,"column":50}},"type":"binary-expr","locations":[{"start":{"line":272,"column":8},"end":{"line":272,"column":19}},{"start":{"line":272,"column":23},"end":{"line":272,"column":29}},{"start":{"line":272,"column":33},"end":{"line":272,"column":50}}],"line":272},"6":{"loc":{"start":{"line":287,"column":8},"end":{"line":289,"column":9}},"type":"if","locations":[{"start":{"line":287,"column":8},"end":{"line":289,"column":9}},{"start":{},"end":{}}],"line":287},"7":{"loc":{"start":{"line":329,"column":4},"end":{"line":331,"column":5}},"type":"if","locations":[{"start":{"line":329,"column":4},"end":{"line":331,"column":5}},{"start":{},"end":{}}],"line":329},"8":{"loc":{"start":{"line":329,"column":8},"end":{"line":329,"column":63}},"type":"binary-expr","locations":[{"start":{"line":329,"column":8},"end":{"line":329,"column":19}},{"start":{"line":329,"column":23},"end":{"line":329,"column":33}},{"start":{"line":329,"column":37},"end":{"line":329,"column":43}},{"start":{"line":329,"column":47},"end":{"line":329,"column":63}}],"line":329},"9":{"loc":{"start":{"line":491,"column":21},"end":{"line":491,"column":65}},"type":"binary-expr","locations":[{"start":{"line":491,"column":21},"end":{"line":491,"column":34}},{"start":{"line":491,"column":38},"end":{"line":491,"column":65}}],"line":491},"10":{"loc":{"start":{"line":510,"column":8},"end":{"line":512,"column":9}},"type":"if","locations":[{"start":{"line":510,"column":8},"end":{"line":512,"column":9}},{"start":{},"end":{}}],"line":510},"11":{"loc":{"start":{"line":514,"column":8},"end":{"line":516,"column":9}},"type":"if","locations":[{"start":{"line":514,"column":8},"end":{"line":516,"column":9}},{"start":{},"end":{}}],"line":514},"12":{"loc":{"start":{"line":531,"column":20},"end":{"line":531,"column":72}},"type":"binary-expr","locations":[{"start":{"line":531,"column":20},"end":{"line":531,"column":33}},{"start":{"line":531,"column":37},"end":{"line":531,"column":72}}],"line":531},"13":{"loc":{"start":{"line":542,"column":8},"end":{"line":544,"column":9}},"type":"if","locations":[{"start":{"line":542,"column":8},"end":{"line":544,"column":9}},{"start":{},"end":{}}],"line":542},"14":{"loc":{"start":{"line":554,"column":21},"end":{"line":554,"column":69}},"type":"binary-expr","locations":[{"start":{"line":554,"column":21},"end":{"line":554,"column":34}},{"start":{"line":554,"column":38},"end":{"line":554,"column":69}}],"line":554},"15":{"loc":{"start":{"line":555,"column":21},"end":{"line":555,"column":40}},"type":"binary-expr","locations":[{"start":{"line":555,"column":21},"end":{"line":555,"column":34}},{"start":{"line":555,"column":38},"end":{"line":555,"column":40}}],"line":555},"16":{"loc":{"start":{"line":566,"column":11},"end":{"line":566,"column":98}},"type":"cond-expr","locations":[{"start":{"line":566,"column":51},"end":{"line":566,"column":81}},{"start":{"line":566,"column":84},"end":{"line":566,"column":98}}],"line":566},"17":{"loc":{"start":{"line":580,"column":13},"end":{"line":580,"column":37}},"type":"binary-expr","locations":[{"start":{"line":580,"column":13},"end":{"line":580,"column":29}},{"start":{"line":580,"column":33},"end":{"line":580,"column":37}}],"line":580},"18":{"loc":{"start":{"line":583,"column":0},"end":{"line":587,"column":1}},"type":"if","locations":[{"start":{"line":583,"column":0},"end":{"line":587,"column":1}},{"start":{},"end":{}}],"line":583}},"s":{"0":1,"1":1,"2":1,"3":1,"4":1,"5":1,"6":1,"7":1,"8":1,"9":1,"10":1,"11":1,"12":1,"13":1,"14":1,"15":1,"16":1,"17":1,"18":1,"19":1,"20":0,"21":0,"22":0,"23":0,"24":1,"25":1,"26":0,"27":0,"28":0,"29":0,"30":0,"31":0,"32":0,"33":1,"34":0,"35":1,"36":0,"37":0,"38":0,"39":0,"40":0,"41":0,"42":1,"43":0,"44":0,"45":0,"46":0,"47":0,"48":0,"49":1,"50":0,"51":0,"52":0,"53":0,"54":0,"55":0,"56":1,"57":0,"58":0,"59":0,"60":0,"61":0,"62":0,"63":0,"64":1,"65":0,"66":0,"67":0,"68":0,"69":0,"70":0,"71":0,"72":1,"73":0,"74":0,"75":0,"76":0,"77":0,"78":1,"79":0,"80":0,"81":0,"82":0,"83":0,"84":1,"85":0,"86":0,"87":0,"88":0,"89":0,"90":0,"91":0,"92":0,"93":0,"94":1,"95":0,"96":0,"97":0,"98":0,"99":0,"100":0,"101":0,"102":1,"103":0,"104":0,"105":0,"106":0,"107":0,"108":0,"109":1,"110":0,"111":0,"112":0,"113":0,"114":0,"115":0,"116":0,"117":0,"118":0,"119":1,"120":0,"121":0,"122":0,"123":0,"124":0,"125":0,"126":0,"127":0,"128":0,"129":0,"130":0,"131":0,"132":1,"133":0,"134":0,"135":0,"136":0,"137":0,"138":0,"139":1,"140":0,"141":0,"142":0,"143":0,"144":0,"145":1,"146":0,"147":0,"148":0,"149":0,"150":0,"151":0,"152":0,"153":0,"154":1,"155":0,"156":0,"157":0,"158":0,"159":0,"160":0,"161":1,"162":0,"163":0,"164":0,"165":0,"166":0,"167":0,"168":0,"169":1,"170":0,"171":0,"172":0,"173":0,"174":0,"175":0,"176":1,"177":0,"178":0,"179":0,"180":0,"181":0,"182":0,"183":1,"184":0,"185":0,"186":0,"187":0,"188":0,"189":0,"190":0,"191":1,"192":0,"193":0,"194":0,"195":0,"196":0,"197":0,"198":1,"199":0,"200":0,"201":0,"202":0,"203":0,"204":0,"205":0,"206":0,"207":1,"208":0,"209":0,"210":0,"211":0,"212":0,"213":0,"214":0,"215":0,"216":0,"217":0,"218":0,"219":0,"220":0,"221":0,"222":0,"223":1,"224":0,"225":0,"226":1,"227":1,"228":1,"229":1,"230":0,"231":0,"232":1},"f":{"0":0,"1":0,"2":0,"3":0,"4":0,"5":0,"6":0,"7":0,"8":0,"9":0,"10":0,"11":0,"12":0,"13":0,"14":0,"15":0,"16":0,"17":0,"18":0,"19":0,"20":0,"21":0,"22":0,"23":0,"24":0,"25":0,"26":0,"27":0,"28":1,"29":0},"b":{"0":[0,0],"1":[0,0],"2":[0,0],"3":[0,0],"4":[0,0],"5":[0,0,0],"6":[0,0],"7":[0,0],"8":[0,0,0,0],"9":[0,0],"10":[0,0],"11":[0,0],"12":[0,0],"13":[0,0],"14":[0,0],"15":[0,0],"16":[0,0],"17":[1,0],"18":[0,1]},"_coverageSchema":"1a1c01bbd47fc00a2c39e90264f33305004495a9","hash":"728dea92b08ce08562bdfed0c317c0adb267a506"}
,"D:\\CalgaryLY\\cly-pern\\server\\config\\squareConfig.js": {"path":"D:\\CalgaryLY\\cly-pern\\server\\config\\squareConfig.js","statementMap":{"0":{"start":{"line":1,"column":19},"end":{"line":1,"column":36}},"1":{"start":{"line":3,"column":21},"end":{"line":6,"column":2}},"2":{"start":{"line":9,"column":0},"end":{"line":12,"column":2}}},"fnMap":{},"branchMap":{"0":{"loc":{"start":{"line":5,"column":15},"end":{"line":5,"column":58}},"type":"binary-expr","locations":[{"start":{"line":5,"column":15},"end":{"line":5,"column":45}},{"start":{"line":5,"column":49},"end":{"line":5,"column":58}}],"line":5}},"s":{"0":1,"1":1,"2":1},"f":{},"b":{"0":[1,0]},"_coverageSchema":"1a1c01bbd47fc00a2c39e90264f33305004495a9","hash":"0a57016f0e5eb9bad141e38a749c50306b86da45"}
}
