TN:
SF:authMiddleware.js
FN:3,authenticateToken
FN:9,(anonymous_1)
FNF:2
FNH:0
FNDA:0,authenticateToken
FNDA:0,(anonymous_1)
DA:1,1
DA:4,0
DA:5,0
DA:7,0
DA:9,0
DA:10,0
DA:11,0
DA:12,0
DA:16,1
LF:9
LH:2
BRDA:5,0,0,0
BRDA:5,0,1,0
BRDA:7,1,0,0
BRDA:7,1,1,0
BRDA:10,2,0,0
BRDA:10,2,1,0
BRF:6
BRH:0
end_of_record
TN:
SF:authRoutes.js
FN:8,dbClient
FN:13,(anonymous_1)
FNF:2
FNH:0
FNDA:0,dbClient
FNDA:0,(anonymous_1)
DA:1,1
DA:2,1
DA:3,1
DA:4,1
DA:5,1
DA:9,0
DA:10,0
DA:13,1
DA:14,0
DA:16,0
DA:17,0
DA:20,0
DA:21,0
DA:22,0
DA:24,0
DA:25,0
DA:28,0
DA:29,0
DA:31,0
DA:32,0
DA:35,0
DA:44,0
DA:53,0
DA:54,0
DA:60,1
LF:25
LH:7
BRDA:16,0,0,0
BRDA:16,0,1,0
BRDA:16,1,0,0
BRDA:16,1,1,0
BRDA:24,2,0,0
BRDA:24,2,1,0
BRDA:31,3,0,0
BRDA:31,3,1,0
BRDA:41,4,0,0
BRDA:41,4,1,0
BRF:10
BRH:0
end_of_record
TN:
SF:server.js
FN:39,dbClient
FN:45,hashPassword
FN:54,(anonymous_2)
FN:71,(anonymous_3)
FN:76,(anonymous_4)
FN:91,(anonymous_5)
FN:106,(anonymous_6)
FN:121,(anonymous_7)
FN:137,(anonymous_8)
FN:153,(anonymous_9)
FN:167,(anonymous_10)
FN:181,(anonymous_11)
FN:205,(anonymous_12)
FN:231,(anonymous_13)
FN:242,(anonymous_14)
FN:267,(anonymous_15)
FN:299,(anonymous_16)
FN:311,(anonymous_17)
FN:325,(anonymous_18)
FN:356,(anonymous_19)
FN:369,(anonymous_20)
FN:383,(anonymous_21)
FN:395,(anonymous_22)
FN:408,(anonymous_23)
FN:422,(anonymous_24)
FN:434,(anonymous_25)
FN:497,(anonymous_26)
FN:561,(anonymous_27)
FN:570,(anonymous_28)
FN:584,(anonymous_29)
FNF:30
FNH:1
FNDA:0,dbClient
FNDA:0,hashPassword
FNDA:0,(anonymous_2)
FNDA:0,(anonymous_3)
FNDA:0,(anonymous_4)
FNDA:0,(anonymous_5)
FNDA:0,(anonymous_6)
FNDA:0,(anonymous_7)
FNDA:0,(anonymous_8)
FNDA:0,(anonymous_9)
FNDA:0,(anonymous_10)
FNDA:0,(anonymous_11)
FNDA:0,(anonymous_12)
FNDA:0,(anonymous_13)
FNDA:0,(anonymous_14)
FNDA:0,(anonymous_15)
FNDA:0,(anonymous_16)
FNDA:0,(anonymous_17)
FNDA:0,(anonymous_18)
FNDA:0,(anonymous_19)
FNDA:0,(anonymous_20)
FNDA:0,(anonymous_21)
FNDA:0,(anonymous_22)
FNDA:0,(anonymous_23)
FNDA:0,(anonymous_24)
FNDA:0,(anonymous_25)
FNDA:0,(anonymous_26)
FNDA:0,(anonymous_27)
FNDA:1,(anonymous_28)
FNDA:0,(anonymous_29)
DA:1,1
DA:2,1
DA:3,1
DA:4,1
DA:5,1
DA:6,1
DA:7,1
DA:8,1
DA:9,1
DA:10,1
DA:11,1
DA:12,1
DA:13,1
DA:14,1
DA:17,1
DA:24,1
DA:32,1
DA:34,1
DA:35,1
DA:36,1
DA:40,0
DA:41,0
DA:46,0
DA:47,0
DA:51,1
DA:54,1
DA:55,0
DA:56,0
DA:57,0
DA:58,0
DA:59,0
DA:64,0
DA:66,0
DA:71,1
DA:72,0
DA:76,1
DA:77,0
DA:78,0
DA:79,0
DA:80,0
DA:81,0
DA:86,0
DA:91,1
DA:92,0
DA:93,0
DA:94,0
DA:95,0
DA:96,0
DA:101,0
DA:106,1
DA:107,0
DA:108,0
DA:109,0
DA:110,0
DA:111,0
DA:116,0
DA:121,1
DA:122,0
DA:123,0
DA:124,0
DA:125,0
DA:126,0
DA:127,0
DA:132,0
DA:137,1
DA:138,0
DA:139,0
DA:140,0
DA:141,0
DA:142,0
DA:143,0
DA:148,0
DA:153,1
DA:154,0
DA:155,0
DA:156,0
DA:157,0
DA:162,0
DA:167,1
DA:168,0
DA:169,0
DA:170,0
DA:171,0
DA:176,0
DA:181,1
DA:182,0
DA:184,0
DA:186,0
DA:187,0
DA:188,0
DA:192,0
DA:193,0
DA:198,0
DA:200,0
DA:205,1
DA:206,0
DA:207,0
DA:208,0
DA:209,0
DA:210,0
DA:224,0
DA:226,0
DA:231,1
DA:232,0
DA:233,0
DA:234,0
DA:235,0
DA:236,0
DA:238,0
DA:242,1
DA:243,0
DA:245,0
DA:247,0
DA:248,0
DA:249,0
DA:253,0
DA:254,0
DA:260,0
DA:262,0
DA:267,1
DA:268,0
DA:269,0
DA:272,0
DA:273,0
DA:276,0
DA:277,0
DA:278,0
DA:287,0
DA:288,0
DA:291,0
DA:293,0
DA:294,0
DA:299,1
DA:300,0
DA:301,0
DA:302,0
DA:303,0
DA:304,0
DA:306,0
DA:311,1
DA:312,0
DA:313,0
DA:314,0
DA:315,0
DA:320,0
DA:325,1
DA:326,0
DA:329,0
DA:330,0
DA:333,0
DA:334,0
DA:337,0
DA:346,0
DA:351,0
DA:356,1
DA:357,0
DA:358,0
DA:359,0
DA:360,0
DA:362,0
DA:364,0
DA:369,1
DA:370,0
DA:371,0
DA:372,0
DA:373,0
DA:374,0
DA:376,0
DA:378,0
DA:383,1
DA:384,0
DA:385,0
DA:386,0
DA:387,0
DA:388,0
DA:390,0
DA:395,1
DA:396,0
DA:397,0
DA:398,0
DA:399,0
DA:401,0
DA:403,0
DA:408,1
DA:409,0
DA:410,0
DA:411,0
DA:412,0
DA:413,0
DA:415,0
DA:417,0
DA:422,1
DA:423,0
DA:424,0
DA:425,0
DA:426,0
DA:427,0
DA:429,0
DA:434,1
DA:441,0
DA:443,0
DA:444,0
DA:447,0
DA:459,0
DA:481,0
DA:488,0
DA:489,0
DA:497,1
DA:498,0
DA:505,0
DA:507,0
DA:508,0
DA:510,0
DA:511,0
DA:514,0
DA:515,0
DA:518,0
DA:540,0
DA:542,0
DA:543,0
DA:546,0
DA:551,0
DA:552,0
DA:561,1
DA:562,0
DA:563,0
DA:570,1
DA:571,1
DA:580,1
DA:583,1
DA:584,0
DA:585,0
DA:588,1
LF:233
LH:52
BRDA:187,0,0,0
BRDA:187,0,1,0
BRDA:187,1,0,0
BRDA:187,1,1,0
BRDA:248,2,0,0
BRDA:248,2,1,0
BRDA:248,3,0,0
BRDA:248,3,1,0
BRDA:272,4,0,0
BRDA:272,4,1,0
BRDA:272,5,0,0
BRDA:272,5,1,0
BRDA:272,5,2,0
BRDA:287,6,0,0
BRDA:287,6,1,0
BRDA:329,7,0,0
BRDA:329,7,1,0
BRDA:329,8,0,0
BRDA:329,8,1,0
BRDA:329,8,2,0
BRDA:329,8,3,0
BRDA:491,9,0,0
BRDA:491,9,1,0
BRDA:510,10,0,0
BRDA:510,10,1,0
BRDA:514,11,0,0
BRDA:514,11,1,0
BRDA:531,12,0,0
BRDA:531,12,1,0
BRDA:542,13,0,0
BRDA:542,13,1,0
BRDA:554,14,0,0
BRDA:554,14,1,0
BRDA:555,15,0,0
BRDA:555,15,1,0
BRDA:566,16,0,0
BRDA:566,16,1,0
BRDA:580,17,0,1
BRDA:580,17,1,0
BRDA:583,18,0,0
BRDA:583,18,1,1
BRF:41
BRH:2
end_of_record
TN:
SF:config\squareConfig.js
FNF:0
FNH:0
DA:1,1
DA:3,1
DA:9,1
LF:3
LH:3
BRDA:5,0,0,1
BRDA:5,0,1,0
BRF:2
BRH:1
end_of_record
