{"D:\\CalgaryLY\\cly-pern\\client\\src\\App.js": {"path":"D:\\CalgaryLY\\cly-pern\\client\\src\\App.js","statementMap":{"0":{"start":{"line":21,"column":2},"end":{"line":51,"column":4}}},"fnMap":{"0":{"name":"App","decl":{"start":{"line":20,"column":9},"end":{"line":20,"column":12}},"loc":{"start":{"line":20,"column":15},"end":{"line":52,"column":1}},"line":20}},"branchMap":{},"s":{"0":2},"f":{"0":2},"b":{},"_coverageSchema":"1a1c01bbd47fc00a2c39e90264f33305004495a9","hash":"fa6ca68772f047ab232cc52bda4c8eb2e43c6775"}
,"D:\\CalgaryLY\\cly-pern\\client\\src\\components\\Donation\\DonationPage.jsx": {"path":"D:\\CalgaryLY\\cly-pern\\client\\src\\components\\Donation\\DonationPage.jsx","statementMap":{"0":{"start":{"line":7,"column":21},"end":{"line":119,"column":1}},"1":{"start":{"line":8,"column":36},"end":{"line":8,"column":48}},"2":{"start":{"line":9,"column":34},"end":{"line":9,"column":46}},"3":{"start":{"line":10,"column":28},"end":{"line":10,"column":40}},"4":{"start":{"line":11,"column":46},"end":{"line":11,"column":58}},"5":{"start":{"line":12,"column":32},"end":{"line":12,"column":44}},"6":{"start":{"line":13,"column":28},"end":{"line":13,"column":40}},"7":{"start":{"line":14,"column":19},"end":{"line":14,"column":32}},"8":{"start":{"line":16,"column":23},"end":{"line":50,"column":3}},"9":{"start":{"line":17,"column":4},"end":{"line":17,"column":23}},"10":{"start":{"line":18,"column":4},"end":{"line":18,"column":17}},"11":{"start":{"line":19,"column":4},"end":{"line":19,"column":19}},"12":{"start":{"line":21,"column":4},"end":{"line":49,"column":5}},"13":{"start":{"line":22,"column":6},"end":{"line":27,"column":9}},"14":{"start":{"line":29,"column":6},"end":{"line":29,"column":49}},"15":{"start":{"line":30,"column":6},"end":{"line":30,"column":23}},"16":{"start":{"line":31,"column":6},"end":{"line":31,"column":22}},"17":{"start":{"line":32,"column":6},"end":{"line":32,"column":19}},"18":{"start":{"line":33,"column":6},"end":{"line":33,"column":28}},"19":{"start":{"line":36,"column":6},"end":{"line":42,"column":9}},"20":{"start":{"line":44,"column":6},"end":{"line":48,"column":7}},"21":{"start":{"line":45,"column":8},"end":{"line":45,"column":46}},"22":{"start":{"line":47,"column":8},"end":{"line":47,"column":57}},"23":{"start":{"line":52,"column":2},"end":{"line":118,"column":4}},"24":{"start":{"line":68,"column":31},"end":{"line":68,"column":59}},"25":{"start":{"line":79,"column":31},"end":{"line":79,"column":58}},"26":{"start":{"line":90,"column":31},"end":{"line":90,"column":55}},"27":{"start":{"line":101,"column":31},"end":{"line":101,"column":64}}},"fnMap":{"0":{"name":"(anonymous_0)","decl":{"start":{"line":7,"column":21},"end":{"line":7,"column":22}},"loc":{"start":{"line":7,"column":27},"end":{"line":119,"column":1}},"line":7},"1":{"name":"(anonymous_1)","decl":{"start":{"line":16,"column":23},"end":{"line":16,"column":24}},"loc":{"start":{"line":16,"column":36},"end":{"line":50,"column":3}},"line":16},"2":{"name":"(anonymous_2)","decl":{"start":{"line":68,"column":24},"end":{"line":68,"column":25}},"loc":{"start":{"line":68,"column":31},"end":{"line":68,"column":59}},"line":68},"3":{"name":"(anonymous_3)","decl":{"start":{"line":79,"column":24},"end":{"line":79,"column":25}},"loc":{"start":{"line":79,"column":31},"end":{"line":79,"column":58}},"line":79},"4":{"name":"(anonymous_4)","decl":{"start":{"line":90,"column":24},"end":{"line":90,"column":25}},"loc":{"start":{"line":90,"column":31},"end":{"line":90,"column":55}},"line":90},"5":{"name":"(anonymous_5)","decl":{"start":{"line":101,"column":24},"end":{"line":101,"column":25}},"loc":{"start":{"line":101,"column":31},"end":{"line":101,"column":64}},"line":101}},"branchMap":{"0":{"loc":{"start":{"line":44,"column":6},"end":{"line":48,"column":7}},"type":"if","locations":[{"start":{"line":44,"column":6},"end":{"line":48,"column":7}},{"start":{"line":46,"column":13},"end":{"line":48,"column":7}}],"line":44},"1":{"loc":{"start":{"line":44,"column":10},"end":{"line":44,"column":47}},"type":"binary-expr","locations":[{"start":{"line":44,"column":10},"end":{"line":44,"column":24}},{"start":{"line":44,"column":28},"end":{"line":44,"column":47}}],"line":44},"2":{"loc":{"start":{"line":106,"column":11},"end":{"line":106,"column":66}},"type":"binary-expr","locations":[{"start":{"line":106,"column":11},"end":{"line":106,"column":18}},{"start":{"line":106,"column":22},"end":{"line":106,"column":66}}],"line":106},"3":{"loc":{"start":{"line":107,"column":11},"end":{"line":107,"column":60}},"type":"binary-expr","locations":[{"start":{"line":107,"column":11},"end":{"line":107,"column":16}},{"start":{"line":107,"column":20},"end":{"line":107,"column":60}}],"line":107}},"s":{"0":1,"1":0,"2":0,"3":0,"4":0,"5":0,"6":0,"7":0,"8":0,"9":0,"10":0,"11":0,"12":0,"13":0,"14":0,"15":0,"16":0,"17":0,"18":0,"19":0,"20":0,"21":0,"22":0,"23":0,"24":0,"25":0,"26":0,"27":0},"f":{"0":0,"1":0,"2":0,"3":0,"4":0,"5":0},"b":{"0":[0,0],"1":[0,0],"2":[0,0],"3":[0,0]},"_coverageSchema":"1a1c01bbd47fc00a2c39e90264f33305004495a9","hash":"779d55cf5d0b53dbb3ec37fe516850f0cc244eab"}
,"D:\\CalgaryLY\\cly-pern\\client\\src\\components\\PaymentStatus\\PaymentStatus.jsx": {"path":"D:\\CalgaryLY\\cly-pern\\client\\src\\components\\PaymentStatus\\PaymentStatus.jsx","statementMap":{"0":{"start":{"line":5,"column":22},"end":{"line":44,"column":1}},"1":{"start":{"line":6,"column":19},"end":{"line":6,"column":32}},"2":{"start":{"line":7,"column":19},"end":{"line":7,"column":32}},"3":{"start":{"line":8,"column":34},"end":{"line":8,"column":45}},"4":{"start":{"line":11,"column":22},"end":{"line":11,"column":58}},"5":{"start":{"line":12,"column":22},"end":{"line":12,"column":47}},"6":{"start":{"line":13,"column":17},"end":{"line":13,"column":43}},"7":{"start":{"line":15,"column":20},"end":{"line":15,"column":40}},"8":{"start":{"line":17,"column":2},"end":{"line":43,"column":4}},"9":{"start":{"line":37,"column":25},"end":{"line":37,"column":38}}},"fnMap":{"0":{"name":"(anonymous_0)","decl":{"start":{"line":5,"column":22},"end":{"line":5,"column":23}},"loc":{"start":{"line":5,"column":28},"end":{"line":44,"column":1}},"line":5},"1":{"name":"(anonymous_1)","decl":{"start":{"line":37,"column":19},"end":{"line":37,"column":20}},"loc":{"start":{"line":37,"column":25},"end":{"line":37,"column":38}},"line":37}},"branchMap":{"0":{"loc":{"start":{"line":13,"column":17},"end":{"line":13,"column":43}},"type":"binary-expr","locations":[{"start":{"line":13,"column":17},"end":{"line":13,"column":28}},{"start":{"line":13,"column":32},"end":{"line":13,"column":43}}],"line":13},"1":{"loc":{"start":{"line":20,"column":9},"end":{"line":34,"column":9}},"type":"cond-expr","locations":[{"start":{"line":21,"column":10},"end":{"line":26,"column":13}},{"start":{"line":28,"column":10},"end":{"line":33,"column":13}}],"line":20}},"s":{"0":1,"1":0,"2":0,"3":0,"4":0,"5":0,"6":0,"7":0,"8":0,"9":0},"f":{"0":0,"1":0},"b":{"0":[0,0],"1":[0,0]},"_coverageSchema":"1a1c01bbd47fc00a2c39e90264f33305004495a9","hash":"3234462fa1e7c9ffe01e8f75599d063a0e09f43f"}
,"D:\\CalgaryLY\\cly-pern\\client\\src\\components\\about\\About.jsx": {"path":"D:\\CalgaryLY\\cly-pern\\client\\src\\components\\about\\About.jsx","statementMap":{"0":{"start":{"line":5,"column":14},"end":{"line":140,"column":1}},"1":{"start":{"line":6,"column":42},"end":{"line":6,"column":57}},"2":{"start":{"line":8,"column":25},"end":{"line":10,"column":3}},"3":{"start":{"line":9,"column":4},"end":{"line":9,"column":35}},"4":{"start":{"line":12,"column":2},"end":{"line":18,"column":3}},"5":{"start":{"line":13,"column":4},"end":{"line":17,"column":6}},"6":{"start":{"line":20,"column":2},"end":{"line":139,"column":4}}},"fnMap":{"0":{"name":"(anonymous_0)","decl":{"start":{"line":5,"column":14},"end":{"line":5,"column":15}},"loc":{"start":{"line":5,"column":20},"end":{"line":140,"column":1}},"line":5},"1":{"name":"(anonymous_1)","decl":{"start":{"line":8,"column":25},"end":{"line":8,"column":26}},"loc":{"start":{"line":8,"column":31},"end":{"line":10,"column":3}},"line":8}},"branchMap":{"0":{"loc":{"start":{"line":12,"column":2},"end":{"line":18,"column":3}},"type":"if","locations":[{"start":{"line":12,"column":2},"end":{"line":18,"column":3}},{"start":{},"end":{}}],"line":12}},"s":{"0":1,"1":0,"2":0,"3":0,"4":0,"5":0,"6":0},"f":{"0":0,"1":0},"b":{"0":[0,0]},"_coverageSchema":"1a1c01bbd47fc00a2c39e90264f33305004495a9","hash":"e39c1c19a5a39112e54672edf407a0db415456aa"}
,"D:\\CalgaryLY\\cly-pern\\client\\src\\components\\admin\\Admin.jsx": {"path":"D:\\CalgaryLY\\cly-pern\\client\\src\\components\\admin\\Admin.jsx","statementMap":{"0":{"start":{"line":5,"column":14},"end":{"line":89,"column":1}},"1":{"start":{"line":6,"column":34},"end":{"line":9,"column":4}},"2":{"start":{"line":10,"column":28},"end":{"line":10,"column":40}},"3":{"start":{"line":11,"column":19},"end":{"line":11,"column":32}},"4":{"start":{"line":13,"column":23},"end":{"line":19,"column":3}},"5":{"start":{"line":14,"column":28},"end":{"line":14,"column":36}},"6":{"start":{"line":15,"column":4},"end":{"line":18,"column":8}},"7":{"start":{"line":15,"column":32},"end":{"line":18,"column":5}},"8":{"start":{"line":21,"column":23},"end":{"line":47,"column":3}},"9":{"start":{"line":22,"column":4},"end":{"line":22,"column":23}},"10":{"start":{"line":23,"column":4},"end":{"line":23,"column":17}},"11":{"start":{"line":25,"column":4},"end":{"line":46,"column":5}},"12":{"start":{"line":26,"column":23},"end":{"line":32,"column":8}},"13":{"start":{"line":34,"column":6},"end":{"line":37,"column":7}},"14":{"start":{"line":35,"column":26},"end":{"line":35,"column":47}},"15":{"start":{"line":36,"column":8},"end":{"line":36,"column":61}},"16":{"start":{"line":39,"column":19},"end":{"line":39,"column":40}},"17":{"start":{"line":41,"column":6},"end":{"line":41,"column":48}},"18":{"start":{"line":42,"column":6},"end":{"line":42,"column":27}},"19":{"start":{"line":44,"column":6},"end":{"line":44,"column":43}},"20":{"start":{"line":45,"column":6},"end":{"line":45,"column":72}},"21":{"start":{"line":49,"column":2},"end":{"line":88,"column":4}}},"fnMap":{"0":{"name":"(anonymous_0)","decl":{"start":{"line":5,"column":14},"end":{"line":5,"column":15}},"loc":{"start":{"line":5,"column":20},"end":{"line":89,"column":1}},"line":5},"1":{"name":"(anonymous_1)","decl":{"start":{"line":13,"column":23},"end":{"line":13,"column":24}},"loc":{"start":{"line":13,"column":30},"end":{"line":19,"column":3}},"line":13},"2":{"name":"(anonymous_2)","decl":{"start":{"line":15,"column":16},"end":{"line":15,"column":17}},"loc":{"start":{"line":15,"column":32},"end":{"line":18,"column":5}},"line":15},"3":{"name":"(anonymous_3)","decl":{"start":{"line":21,"column":23},"end":{"line":21,"column":24}},"loc":{"start":{"line":21,"column":36},"end":{"line":47,"column":3}},"line":21}},"branchMap":{"0":{"loc":{"start":{"line":34,"column":6},"end":{"line":37,"column":7}},"type":"if","locations":[{"start":{"line":34,"column":6},"end":{"line":37,"column":7}},{"start":{},"end":{}}],"line":34},"1":{"loc":{"start":{"line":36,"column":24},"end":{"line":36,"column":59}},"type":"binary-expr","locations":[{"start":{"line":36,"column":24},"end":{"line":36,"column":41}},{"start":{"line":36,"column":45},"end":{"line":36,"column":59}}],"line":36},"2":{"loc":{"start":{"line":45,"column":15},"end":{"line":45,"column":70}},"type":"binary-expr","locations":[{"start":{"line":45,"column":15},"end":{"line":45,"column":28}},{"start":{"line":45,"column":32},"end":{"line":45,"column":70}}],"line":45},"3":{"loc":{"start":{"line":60,"column":9},"end":{"line":60,"column":63}},"type":"binary-expr","locations":[{"start":{"line":60,"column":9},"end":{"line":60,"column":14}},{"start":{"line":60,"column":18},"end":{"line":60,"column":63}}],"line":60}},"s":{"0":1,"1":0,"2":0,"3":0,"4":0,"5":0,"6":0,"7":0,"8":0,"9":0,"10":0,"11":0,"12":0,"13":0,"14":0,"15":0,"16":0,"17":0,"18":0,"19":0,"20":0,"21":0},"f":{"0":0,"1":0,"2":0,"3":0},"b":{"0":[0,0],"1":[0,0],"2":[0,0],"3":[0,0]},"_coverageSchema":"1a1c01bbd47fc00a2c39e90264f33305004495a9","hash":"cca7a2bba9f65e38fb9fd919121c5a988be88567"}
,"D:\\CalgaryLY\\cly-pern\\client\\src\\components\\blog\\blog.jsx": {"path":"D:\\CalgaryLY\\cly-pern\\client\\src\\components\\blog\\blog.jsx","statementMap":{"0":{"start":{"line":4,"column":17},"end":{"line":59,"column":1}},"1":{"start":{"line":5,"column":38},"end":{"line":5,"column":50}},"2":{"start":{"line":7,"column":20},"end":{"line":26,"column":3}},"3":{"start":{"line":28,"column":24},"end":{"line":31,"column":3}},"4":{"start":{"line":29,"column":4},"end":{"line":30,"column":65}},"5":{"start":{"line":33,"column":2},"end":{"line":58,"column":4}},"6":{"start":{"line":41,"column":27},"end":{"line":41,"column":56}},"7":{"start":{"line":47,"column":10},"end":{"line":54,"column":16}}},"fnMap":{"0":{"name":"(anonymous_0)","decl":{"start":{"line":4,"column":17},"end":{"line":4,"column":18}},"loc":{"start":{"line":4,"column":23},"end":{"line":59,"column":1}},"line":4},"1":{"name":"(anonymous_1)","decl":{"start":{"line":28,"column":41},"end":{"line":28,"column":42}},"loc":{"start":{"line":29,"column":4},"end":{"line":30,"column":65}},"line":29},"2":{"name":"(anonymous_2)","decl":{"start":{"line":41,"column":20},"end":{"line":41,"column":21}},"loc":{"start":{"line":41,"column":27},"end":{"line":41,"column":56}},"line":41},"3":{"name":"(anonymous_3)","decl":{"start":{"line":46,"column":27},"end":{"line":46,"column":28}},"loc":{"start":{"line":47,"column":10},"end":{"line":54,"column":16}},"line":47}},"branchMap":{"0":{"loc":{"start":{"line":29,"column":4},"end":{"line":30,"column":65}},"type":"binary-expr","locations":[{"start":{"line":29,"column":4},"end":{"line":29,"column":63}},{"start":{"line":30,"column":4},"end":{"line":30,"column":65}}],"line":29}},"s":{"0":1,"1":0,"2":0,"3":0,"4":0,"5":0,"6":0,"7":0},"f":{"0":0,"1":0,"2":0,"3":0},"b":{"0":[0,0]},"_coverageSchema":"1a1c01bbd47fc00a2c39e90264f33305004495a9","hash":"3c637e3760c4d0212c828753d2cc6f2f0575f487"}
,"D:\\CalgaryLY\\cly-pern\\client\\src\\components\\console\\Console.jsx": {"path":"D:\\CalgaryLY\\cly-pern\\client\\src\\components\\console\\Console.jsx","statementMap":{"0":{"start":{"line":7,"column":13},"end":{"line":7,"column":51}},"1":{"start":{"line":7,"column":19},"end":{"line":7,"column":51}},"2":{"start":{"line":8,"column":19},"end":{"line":8,"column":57}},"3":{"start":{"line":8,"column":25},"end":{"line":8,"column":57}},"4":{"start":{"line":9,"column":15},"end":{"line":9,"column":53}},"5":{"start":{"line":9,"column":21},"end":{"line":9,"column":53}},"6":{"start":{"line":10,"column":15},"end":{"line":10,"column":54}},"7":{"start":{"line":10,"column":21},"end":{"line":10,"column":54}},"8":{"start":{"line":11,"column":22},"end":{"line":11,"column":60}},"9":{"start":{"line":11,"column":28},"end":{"line":11,"column":60}},"10":{"start":{"line":12,"column":16},"end":{"line":12,"column":54}},"11":{"start":{"line":12,"column":22},"end":{"line":12,"column":54}},"12":{"start":{"line":13,"column":13},"end":{"line":13,"column":51}},"13":{"start":{"line":13,"column":19},"end":{"line":13,"column":51}},"14":{"start":{"line":14,"column":15},"end":{"line":14,"column":53}},"15":{"start":{"line":14,"column":21},"end":{"line":14,"column":53}},"16":{"start":{"line":15,"column":14},"end":{"line":15,"column":52}},"17":{"start":{"line":15,"column":20},"end":{"line":15,"column":52}},"18":{"start":{"line":16,"column":13},"end":{"line":16,"column":51}},"19":{"start":{"line":16,"column":19},"end":{"line":16,"column":51}},"20":{"start":{"line":18,"column":20},"end":{"line":25,"column":1}},"21":{"start":{"line":27,"column":19},"end":{"line":31,"column":1}},"22":{"start":{"line":33,"column":21},"end":{"line":37,"column":1}},"23":{"start":{"line":39,"column":14},"end":{"line":171,"column":1}},"24":{"start":{"line":40,"column":40},"end":{"line":40,"column":55}},"25":{"start":{"line":41,"column":19},"end":{"line":41,"column":32}},"26":{"start":{"line":44,"column":23},"end":{"line":48,"column":3}},"27":{"start":{"line":46,"column":4},"end":{"line":46,"column":41}},"28":{"start":{"line":47,"column":4},"end":{"line":47,"column":23}},"29":{"start":{"line":52,"column":2},"end":{"line":170,"column":4}},"30":{"start":{"line":58,"column":56},"end":{"line":58,"column":75}},"31":{"start":{"line":60,"column":56},"end":{"line":60,"column":78}},"32":{"start":{"line":68,"column":57},"end":{"line":68,"column":85}}},"fnMap":{"0":{"name":"(anonymous_0)","decl":{"start":{"line":7,"column":13},"end":{"line":7,"column":14}},"loc":{"start":{"line":7,"column":19},"end":{"line":7,"column":51}},"line":7},"1":{"name":"(anonymous_1)","decl":{"start":{"line":8,"column":19},"end":{"line":8,"column":20}},"loc":{"start":{"line":8,"column":25},"end":{"line":8,"column":57}},"line":8},"2":{"name":"(anonymous_2)","decl":{"start":{"line":9,"column":15},"end":{"line":9,"column":16}},"loc":{"start":{"line":9,"column":21},"end":{"line":9,"column":53}},"line":9},"3":{"name":"(anonymous_3)","decl":{"start":{"line":10,"column":15},"end":{"line":10,"column":16}},"loc":{"start":{"line":10,"column":21},"end":{"line":10,"column":54}},"line":10},"4":{"name":"(anonymous_4)","decl":{"start":{"line":11,"column":22},"end":{"line":11,"column":23}},"loc":{"start":{"line":11,"column":28},"end":{"line":11,"column":60}},"line":11},"5":{"name":"(anonymous_5)","decl":{"start":{"line":12,"column":16},"end":{"line":12,"column":17}},"loc":{"start":{"line":12,"column":22},"end":{"line":12,"column":54}},"line":12},"6":{"name":"(anonymous_6)","decl":{"start":{"line":13,"column":13},"end":{"line":13,"column":14}},"loc":{"start":{"line":13,"column":19},"end":{"line":13,"column":51}},"line":13},"7":{"name":"(anonymous_7)","decl":{"start":{"line":14,"column":15},"end":{"line":14,"column":16}},"loc":{"start":{"line":14,"column":21},"end":{"line":14,"column":53}},"line":14},"8":{"name":"(anonymous_8)","decl":{"start":{"line":15,"column":14},"end":{"line":15,"column":15}},"loc":{"start":{"line":15,"column":20},"end":{"line":15,"column":52}},"line":15},"9":{"name":"(anonymous_9)","decl":{"start":{"line":16,"column":13},"end":{"line":16,"column":14}},"loc":{"start":{"line":16,"column":19},"end":{"line":16,"column":51}},"line":16},"10":{"name":"(anonymous_10)","decl":{"start":{"line":39,"column":14},"end":{"line":39,"column":15}},"loc":{"start":{"line":39,"column":20},"end":{"line":171,"column":1}},"line":39},"11":{"name":"(anonymous_11)","decl":{"start":{"line":44,"column":23},"end":{"line":44,"column":24}},"loc":{"start":{"line":44,"column":29},"end":{"line":48,"column":3}},"line":44},"12":{"name":"(anonymous_12)","decl":{"start":{"line":58,"column":50},"end":{"line":58,"column":51}},"loc":{"start":{"line":58,"column":56},"end":{"line":58,"column":75}},"line":58},"13":{"name":"(anonymous_13)","decl":{"start":{"line":60,"column":50},"end":{"line":60,"column":51}},"loc":{"start":{"line":60,"column":56},"end":{"line":60,"column":78}},"line":60},"14":{"name":"(anonymous_14)","decl":{"start":{"line":68,"column":51},"end":{"line":68,"column":52}},"loc":{"start":{"line":68,"column":57},"end":{"line":68,"column":85}},"line":68}},"branchMap":{"0":{"loc":{"start":{"line":55,"column":35},"end":{"line":55,"column":60}},"type":"cond-expr","locations":[{"start":{"line":55,"column":49},"end":{"line":55,"column":55}},{"start":{"line":55,"column":58},"end":{"line":55,"column":60}}],"line":55}},"s":{"0":1,"1":0,"2":1,"3":0,"4":1,"5":0,"6":1,"7":0,"8":1,"9":0,"10":1,"11":0,"12":1,"13":0,"14":1,"15":0,"16":1,"17":0,"18":1,"19":0,"20":1,"21":1,"22":1,"23":1,"24":0,"25":0,"26":0,"27":0,"28":0,"29":0,"30":0,"31":0,"32":0},"f":{"0":0,"1":0,"2":0,"3":0,"4":0,"5":0,"6":0,"7":0,"8":0,"9":0,"10":0,"11":0,"12":0,"13":0,"14":0},"b":{"0":[0,0]},"_coverageSchema":"1a1c01bbd47fc00a2c39e90264f33305004495a9","hash":"e5ec1f49ad23a43852b6671f2074ffd9c7a5dee8"}
,"D:\\CalgaryLY\\cly-pern\\client\\src\\components\\dashboard\\Dashboard.jsx": {"path":"D:\\CalgaryLY\\cly-pern\\client\\src\\components\\dashboard\\Dashboard.jsx","statementMap":{"0":{"start":{"line":5,"column":23},"end":{"line":218,"column":1}},"1":{"start":{"line":6,"column":34},"end":{"line":6,"column":46}},"2":{"start":{"line":7,"column":32},"end":{"line":7,"column":46}},"3":{"start":{"line":8,"column":28},"end":{"line":8,"column":42}},"4":{"start":{"line":9,"column":54},"end":{"line":9,"column":69}},"5":{"start":{"line":10,"column":50},"end":{"line":10,"column":64}},"6":{"start":{"line":11,"column":38},"end":{"line":19,"column":4}},"7":{"start":{"line":22,"column":2},"end":{"line":35,"column":9}},"8":{"start":{"line":23,"column":26},"end":{"line":32,"column":5}},"9":{"start":{"line":24,"column":6},"end":{"line":31,"column":7}},"10":{"start":{"line":25,"column":25},"end":{"line":25,"column":74}},"11":{"start":{"line":26,"column":8},"end":{"line":26,"column":42}},"12":{"start":{"line":27,"column":8},"end":{"line":27,"column":26}},"13":{"start":{"line":29,"column":8},"end":{"line":29,"column":30}},"14":{"start":{"line":30,"column":8},"end":{"line":30,"column":26}},"15":{"start":{"line":34,"column":4},"end":{"line":34,"column":20}},"16":{"start":{"line":38,"column":28},"end":{"line":50,"column":3}},"17":{"start":{"line":39,"column":4},"end":{"line":49,"column":5}},"18":{"start":{"line":40,"column":6},"end":{"line":43,"column":9}},"19":{"start":{"line":45,"column":6},"end":{"line":48,"column":9}},"20":{"start":{"line":53,"column":23},"end":{"line":105,"column":3}},"21":{"start":{"line":54,"column":4},"end":{"line":54,"column":23}},"22":{"start":{"line":56,"column":4},"end":{"line":104,"column":5}},"23":{"start":{"line":57,"column":6},"end":{"line":89,"column":7}},"24":{"start":{"line":59,"column":25},"end":{"line":65,"column":10}},"25":{"start":{"line":68,"column":8},"end":{"line":68,"column":98}},"26":{"start":{"line":68,"column":41},"end":{"line":68,"column":94}},"27":{"start":{"line":69,"column":8},"end":{"line":69,"column":34}},"28":{"start":{"line":71,"column":25},"end":{"line":71,"column":39}},"29":{"start":{"line":72,"column":8},"end":{"line":72,"column":61}},"30":{"start":{"line":73,"column":8},"end":{"line":73,"column":59}},"31":{"start":{"line":74,"column":8},"end":{"line":74,"column":51}},"32":{"start":{"line":75,"column":8},"end":{"line":75,"column":73}},"33":{"start":{"line":76,"column":8},"end":{"line":76,"column":59}},"34":{"start":{"line":79,"column":8},"end":{"line":81,"column":9}},"35":{"start":{"line":80,"column":10},"end":{"line":80,"column":53}},"36":{"start":{"line":83,"column":25},"end":{"line":85,"column":10}},"37":{"start":{"line":88,"column":8},"end":{"line":88,"column":58}},"38":{"start":{"line":92,"column":6},"end":{"line":100,"column":9}},"39":{"start":{"line":101,"column":6},"end":{"line":101,"column":35}},"40":{"start":{"line":103,"column":6},"end":{"line":103,"column":62}},"41":{"start":{"line":108,"column":23},"end":{"line":115,"column":3}},"42":{"start":{"line":109,"column":4},"end":{"line":114,"column":5}},"43":{"start":{"line":110,"column":6},"end":{"line":110,"column":65}},"44":{"start":{"line":111,"column":6},"end":{"line":111,"column":63}},"45":{"start":{"line":111,"column":41},"end":{"line":111,"column":60}},"46":{"start":{"line":113,"column":6},"end":{"line":113,"column":52}},"47":{"start":{"line":118,"column":23},"end":{"line":130,"column":3}},"48":{"start":{"line":119,"column":4},"end":{"line":127,"column":7}},"49":{"start":{"line":128,"column":4},"end":{"line":128,"column":44}},"50":{"start":{"line":129,"column":4},"end":{"line":129,"column":32}},"51":{"start":{"line":132,"column":2},"end":{"line":132,"column":49}},"52":{"start":{"line":132,"column":15},"end":{"line":132,"column":49}},"53":{"start":{"line":133,"column":2},"end":{"line":133,"column":42}},"54":{"start":{"line":133,"column":13},"end":{"line":133,"column":42}},"55":{"start":{"line":135,"column":2},"end":{"line":217,"column":4}},"56":{"start":{"line":138,"column":69},"end":{"line":138,"column":96}},"57":{"start":{"line":191,"column":47},"end":{"line":191,"column":75}},"58":{"start":{"line":197,"column":10},"end":{"line":213,"column":16}},"59":{"start":{"line":210,"column":37},"end":{"line":210,"column":58}},"60":{"start":{"line":211,"column":37},"end":{"line":211,"column":69}}},"fnMap":{"0":{"name":"(anonymous_0)","decl":{"start":{"line":5,"column":23},"end":{"line":5,"column":24}},"loc":{"start":{"line":5,"column":29},"end":{"line":218,"column":1}},"line":5},"1":{"name":"(anonymous_1)","decl":{"start":{"line":22,"column":12},"end":{"line":22,"column":13}},"loc":{"start":{"line":22,"column":18},"end":{"line":35,"column":3}},"line":22},"2":{"name":"(anonymous_2)","decl":{"start":{"line":23,"column":26},"end":{"line":23,"column":27}},"loc":{"start":{"line":23,"column":38},"end":{"line":32,"column":5}},"line":23},"3":{"name":"(anonymous_3)","decl":{"start":{"line":38,"column":28},"end":{"line":38,"column":29}},"loc":{"start":{"line":38,"column":35},"end":{"line":50,"column":3}},"line":38},"4":{"name":"(anonymous_4)","decl":{"start":{"line":53,"column":23},"end":{"line":53,"column":24}},"loc":{"start":{"line":53,"column":36},"end":{"line":105,"column":3}},"line":53},"5":{"name":"(anonymous_5)","decl":{"start":{"line":68,"column":33},"end":{"line":68,"column":34}},"loc":{"start":{"line":68,"column":41},"end":{"line":68,"column":94}},"line":68},"6":{"name":"(anonymous_6)","decl":{"start":{"line":108,"column":23},"end":{"line":108,"column":24}},"loc":{"start":{"line":108,"column":37},"end":{"line":115,"column":3}},"line":108},"7":{"name":"(anonymous_7)","decl":{"start":{"line":111,"column":34},"end":{"line":111,"column":35}},"loc":{"start":{"line":111,"column":41},"end":{"line":111,"column":60}},"line":111},"8":{"name":"(anonymous_8)","decl":{"start":{"line":118,"column":23},"end":{"line":118,"column":24}},"loc":{"start":{"line":118,"column":36},"end":{"line":130,"column":3}},"line":118},"9":{"name":"(anonymous_9)","decl":{"start":{"line":138,"column":63},"end":{"line":138,"column":64}},"loc":{"start":{"line":138,"column":69},"end":{"line":138,"column":96}},"line":138},"10":{"name":"(anonymous_10)","decl":{"start":{"line":191,"column":41},"end":{"line":191,"column":42}},"loc":{"start":{"line":191,"column":47},"end":{"line":191,"column":75}},"line":191},"11":{"name":"(anonymous_11)","decl":{"start":{"line":196,"column":22},"end":{"line":196,"column":23}},"loc":{"start":{"line":197,"column":10},"end":{"line":213,"column":16}},"line":197},"12":{"name":"(anonymous_12)","decl":{"start":{"line":210,"column":31},"end":{"line":210,"column":32}},"loc":{"start":{"line":210,"column":37},"end":{"line":210,"column":58}},"line":210},"13":{"name":"(anonymous_13)","decl":{"start":{"line":211,"column":31},"end":{"line":211,"column":32}},"loc":{"start":{"line":211,"column":37},"end":{"line":211,"column":69}},"line":211}},"branchMap":{"0":{"loc":{"start":{"line":39,"column":4},"end":{"line":49,"column":5}},"type":"if","locations":[{"start":{"line":39,"column":4},"end":{"line":49,"column":5}},{"start":{"line":44,"column":11},"end":{"line":49,"column":5}}],"line":39},"1":{"loc":{"start":{"line":57,"column":6},"end":{"line":89,"column":7}},"type":"if","locations":[{"start":{"line":57,"column":6},"end":{"line":89,"column":7}},{"start":{"line":70,"column":13},"end":{"line":89,"column":7}}],"line":57},"2":{"loc":{"start":{"line":68,"column":41},"end":{"line":68,"column":94}},"type":"cond-expr","locations":[{"start":{"line":68,"column":77},"end":{"line":68,"column":90}},{"start":{"line":68,"column":93},"end":{"line":68,"column":94}}],"line":68},"3":{"loc":{"start":{"line":79,"column":8},"end":{"line":81,"column":9}},"type":"if","locations":[{"start":{"line":79,"column":8},"end":{"line":81,"column":9}},{"start":{},"end":{}}],"line":79},"4":{"loc":{"start":{"line":132,"column":2},"end":{"line":132,"column":49}},"type":"if","locations":[{"start":{"line":132,"column":2},"end":{"line":132,"column":49}},{"start":{},"end":{}}],"line":132},"5":{"loc":{"start":{"line":133,"column":2},"end":{"line":133,"column":42}},"type":"if","locations":[{"start":{"line":133,"column":2},"end":{"line":133,"column":42}},{"start":{},"end":{}}],"line":133},"6":{"loc":{"start":{"line":139,"column":9},"end":{"line":139,"column":62}},"type":"cond-expr","locations":[{"start":{"line":139,"column":28},"end":{"line":139,"column":42}},{"start":{"line":139,"column":45},"end":{"line":139,"column":62}}],"line":139},"7":{"loc":{"start":{"line":141,"column":7},"end":{"line":193,"column":7}},"type":"binary-expr","locations":[{"start":{"line":141,"column":7},"end":{"line":141,"column":25}},{"start":{"line":142,"column":8},"end":{"line":192,"column":15}}],"line":141},"8":{"loc":{"start":{"line":182,"column":11},"end":{"line":189,"column":11}},"type":"binary-expr","locations":[{"start":{"line":182,"column":11},"end":{"line":182,"column":28}},{"start":{"line":183,"column":12},"end":{"line":188,"column":14}}],"line":182},"9":{"loc":{"start":{"line":190,"column":33},"end":{"line":190,"column":84}},"type":"cond-expr","locations":[{"start":{"line":190,"column":52},"end":{"line":190,"column":68}},{"start":{"line":190,"column":71},"end":{"line":190,"column":84}}],"line":190},"10":{"loc":{"start":{"line":198,"column":13},"end":{"line":204,"column":13}},"type":"binary-expr","locations":[{"start":{"line":198,"column":13},"end":{"line":198,"column":31}},{"start":{"line":199,"column":14},"end":{"line":203,"column":16}}],"line":198},"11":{"loc":{"start":{"line":207,"column":55},"end":{"line":207,"column":81}},"type":"binary-expr","locations":[{"start":{"line":207,"column":55},"end":{"line":207,"column":72}},{"start":{"line":207,"column":76},"end":{"line":207,"column":81}}],"line":207}},"s":{"0":1,"1":0,"2":0,"3":0,"4":0,"5":0,"6":0,"7":0,"8":0,"9":0,"10":0,"11":0,"12":0,"13":0,"14":0,"15":0,"16":0,"17":0,"18":0,"19":0,"20":0,"21":0,"22":0,"23":0,"24":0,"25":0,"26":0,"27":0,"28":0,"29":0,"30":0,"31":0,"32":0,"33":0,"34":0,"35":0,"36":0,"37":0,"38":0,"39":0,"40":0,"41":0,"42":0,"43":0,"44":0,"45":0,"46":0,"47":0,"48":0,"49":0,"50":0,"51":0,"52":0,"53":0,"54":0,"55":0,"56":0,"57":0,"58":0,"59":0,"60":0},"f":{"0":0,"1":0,"2":0,"3":0,"4":0,"5":0,"6":0,"7":0,"8":0,"9":0,"10":0,"11":0,"12":0,"13":0},"b":{"0":[0,0],"1":[0,0],"2":[0,0],"3":[0,0],"4":[0,0],"5":[0,0],"6":[0,0],"7":[0,0],"8":[0,0],"9":[0,0],"10":[0,0],"11":[0,0]},"_coverageSchema":"1a1c01bbd47fc00a2c39e90264f33305004495a9","hash":"1977bfd393852238af47e6e42b2cca8758ae4033"}
,"D:\\CalgaryLY\\cly-pern\\client\\src\\components\\events\\Events.jsx": {"path":"D:\\CalgaryLY\\cly-pern\\client\\src\\components\\events\\Events.jsx","statementMap":{"0":{"start":{"line":6,"column":15},"end":{"line":210,"column":1}},"1":{"start":{"line":7,"column":18},"end":{"line":7,"column":22}},"2":{"start":{"line":8,"column":25},"end":{"line":8,"column":32}},"3":{"start":{"line":10,"column":42},"end":{"line":10,"column":54}},"4":{"start":{"line":11,"column":54},"end":{"line":11,"column":66}},"5":{"start":{"line":12,"column":42},"end":{"line":12,"column":54}},"6":{"start":{"line":13,"column":48},"end":{"line":13,"column":60}},"7":{"start":{"line":14,"column":38},"end":{"line":14,"column":50}},"8":{"start":{"line":15,"column":40},"end":{"line":15,"column":51}},"9":{"start":{"line":17,"column":2},"end":{"line":34,"column":9}},"10":{"start":{"line":18,"column":33},"end":{"line":32,"column":5}},"11":{"start":{"line":19,"column":6},"end":{"line":31,"column":7}},"12":{"start":{"line":20,"column":25},"end":{"line":20,"column":81}},"13":{"start":{"line":21,"column":8},"end":{"line":21,"column":49}},"14":{"start":{"line":23,"column":30},"end":{"line":26,"column":14}},"15":{"start":{"line":24,"column":10},"end":{"line":24,"column":34}},"16":{"start":{"line":25,"column":10},"end":{"line":25,"column":21}},"17":{"start":{"line":27,"column":8},"end":{"line":27,"column":39}},"18":{"start":{"line":28,"column":8},"end":{"line":28,"column":45}},"19":{"start":{"line":30,"column":8},"end":{"line":30,"column":65}},"20":{"start":{"line":33,"column":4},"end":{"line":33,"column":27}},"21":{"start":{"line":36,"column":2},"end":{"line":53,"column":83}},"22":{"start":{"line":37,"column":27},"end":{"line":51,"column":5}},"23":{"start":{"line":38,"column":26},"end":{"line":45,"column":11}},"24":{"start":{"line":39,"column":27},"end":{"line":39,"column":51}},"25":{"start":{"line":40,"column":20},"end":{"line":40,"column":40}},"26":{"start":{"line":41,"column":27},"end":{"line":41,"column":54}},"27":{"start":{"line":42,"column":34},"end":{"line":42,"column":63}},"28":{"start":{"line":43,"column":22},"end":{"line":43,"column":55}},"29":{"start":{"line":44,"column":8},"end":{"line":44,"column":47}},"30":{"start":{"line":47,"column":31},"end":{"line":47,"column":105}},"31":{"start":{"line":47,"column":89},"end":{"line":47,"column":101}},"32":{"start":{"line":48,"column":25},"end":{"line":48,"column":55}},"33":{"start":{"line":50,"column":6},"end":{"line":50,"column":57}},"34":{"start":{"line":52,"column":4},"end":{"line":52,"column":21}},"35":{"start":{"line":55,"column":32},"end":{"line":60,"column":3}},"36":{"start":{"line":56,"column":4},"end":{"line":59,"column":8}},"37":{"start":{"line":56,"column":37},"end":{"line":59,"column":5}},"38":{"start":{"line":62,"column":32},"end":{"line":67,"column":3}},"39":{"start":{"line":63,"column":4},"end":{"line":66,"column":8}},"40":{"start":{"line":63,"column":37},"end":{"line":66,"column":5}},"41":{"start":{"line":69,"column":37},"end":{"line":74,"column":3}},"42":{"start":{"line":70,"column":4},"end":{"line":73,"column":8}},"43":{"start":{"line":70,"column":44},"end":{"line":73,"column":5}},"44":{"start":{"line":76,"column":37},"end":{"line":81,"column":3}},"45":{"start":{"line":77,"column":4},"end":{"line":80,"column":8}},"46":{"start":{"line":77,"column":44},"end":{"line":80,"column":5}},"47":{"start":{"line":83,"column":35},"end":{"line":83,"column":81}},"48":{"start":{"line":83,"column":46},"end":{"line":83,"column":81}},"49":{"start":{"line":84,"column":32},"end":{"line":93,"column":3}},"50":{"start":{"line":85,"column":19},"end":{"line":85,"column":43}},"51":{"start":{"line":86,"column":4},"end":{"line":92,"column":5}},"52":{"start":{"line":87,"column":6},"end":{"line":90,"column":10}},"53":{"start":{"line":87,"column":46},"end":{"line":90,"column":7}},"54":{"start":{"line":91,"column":6},"end":{"line":91,"column":26}},"55":{"start":{"line":95,"column":25},"end":{"line":105,"column":4}},"56":{"start":{"line":96,"column":25},"end":{"line":96,"column":49}},"57":{"start":{"line":97,"column":4},"end":{"line":104,"column":6}},"58":{"start":{"line":107,"column":2},"end":{"line":209,"column":4}},"59":{"start":{"line":114,"column":27},"end":{"line":114,"column":56}},"60":{"start":{"line":120,"column":10},"end":{"line":191,"column":16}},"61":{"start":{"line":154,"column":43},"end":{"line":154,"column":84}},"62":{"start":{"line":156,"column":43},"end":{"line":156,"column":84}},"63":{"start":{"line":175,"column":43},"end":{"line":175,"column":89}},"64":{"start":{"line":177,"column":43},"end":{"line":177,"column":89}},"65":{"start":{"line":186,"column":43},"end":{"line":186,"column":84}}},"fnMap":{"0":{"name":"(anonymous_0)","decl":{"start":{"line":6,"column":15},"end":{"line":6,"column":16}},"loc":{"start":{"line":6,"column":21},"end":{"line":210,"column":1}},"line":6},"1":{"name":"(anonymous_1)","decl":{"start":{"line":17,"column":12},"end":{"line":17,"column":13}},"loc":{"start":{"line":17,"column":18},"end":{"line":34,"column":3}},"line":17},"2":{"name":"(anonymous_2)","decl":{"start":{"line":18,"column":33},"end":{"line":18,"column":34}},"loc":{"start":{"line":18,"column":45},"end":{"line":32,"column":5}},"line":18},"3":{"name":"(anonymous_3)","decl":{"start":{"line":23,"column":58},"end":{"line":23,"column":59}},"loc":{"start":{"line":23,"column":74},"end":{"line":26,"column":9}},"line":23},"4":{"name":"(anonymous_4)","decl":{"start":{"line":36,"column":12},"end":{"line":36,"column":13}},"loc":{"start":{"line":36,"column":18},"end":{"line":53,"column":3}},"line":36},"5":{"name":"(anonymous_5)","decl":{"start":{"line":37,"column":27},"end":{"line":37,"column":28}},"loc":{"start":{"line":37,"column":33},"end":{"line":51,"column":5}},"line":37},"6":{"name":"(anonymous_6)","decl":{"start":{"line":38,"column":49},"end":{"line":38,"column":50}},"loc":{"start":{"line":38,"column":65},"end":{"line":45,"column":7}},"line":38},"7":{"name":"(anonymous_7)","decl":{"start":{"line":47,"column":72},"end":{"line":47,"column":73}},"loc":{"start":{"line":47,"column":89},"end":{"line":47,"column":101}},"line":47},"8":{"name":"(anonymous_8)","decl":{"start":{"line":55,"column":32},"end":{"line":55,"column":33}},"loc":{"start":{"line":55,"column":45},"end":{"line":60,"column":3}},"line":55},"9":{"name":"(anonymous_9)","decl":{"start":{"line":56,"column":20},"end":{"line":56,"column":21}},"loc":{"start":{"line":56,"column":37},"end":{"line":59,"column":5}},"line":56},"10":{"name":"(anonymous_10)","decl":{"start":{"line":62,"column":32},"end":{"line":62,"column":33}},"loc":{"start":{"line":62,"column":45},"end":{"line":67,"column":3}},"line":62},"11":{"name":"(anonymous_11)","decl":{"start":{"line":63,"column":20},"end":{"line":63,"column":21}},"loc":{"start":{"line":63,"column":37},"end":{"line":66,"column":5}},"line":63},"12":{"name":"(anonymous_12)","decl":{"start":{"line":69,"column":37},"end":{"line":69,"column":38}},"loc":{"start":{"line":69,"column":50},"end":{"line":74,"column":3}},"line":69},"13":{"name":"(anonymous_13)","decl":{"start":{"line":70,"column":26},"end":{"line":70,"column":27}},"loc":{"start":{"line":70,"column":44},"end":{"line":73,"column":5}},"line":70},"14":{"name":"(anonymous_14)","decl":{"start":{"line":76,"column":37},"end":{"line":76,"column":38}},"loc":{"start":{"line":76,"column":50},"end":{"line":81,"column":3}},"line":76},"15":{"name":"(anonymous_15)","decl":{"start":{"line":77,"column":26},"end":{"line":77,"column":27}},"loc":{"start":{"line":77,"column":44},"end":{"line":80,"column":5}},"line":77},"16":{"name":"(anonymous_16)","decl":{"start":{"line":83,"column":35},"end":{"line":83,"column":36}},"loc":{"start":{"line":83,"column":46},"end":{"line":83,"column":81}},"line":83},"17":{"name":"(anonymous_17)","decl":{"start":{"line":84,"column":32},"end":{"line":84,"column":33}},"loc":{"start":{"line":84,"column":45},"end":{"line":93,"column":3}},"line":84},"18":{"name":"(anonymous_18)","decl":{"start":{"line":87,"column":28},"end":{"line":87,"column":29}},"loc":{"start":{"line":87,"column":46},"end":{"line":90,"column":7}},"line":87},"19":{"name":"(anonymous_19)","decl":{"start":{"line":95,"column":48},"end":{"line":95,"column":49}},"loc":{"start":{"line":95,"column":59},"end":{"line":105,"column":3}},"line":95},"20":{"name":"(anonymous_20)","decl":{"start":{"line":114,"column":20},"end":{"line":114,"column":21}},"loc":{"start":{"line":114,"column":27},"end":{"line":114,"column":56}},"line":114},"21":{"name":"(anonymous_21)","decl":{"start":{"line":119,"column":27},"end":{"line":119,"column":28}},"loc":{"start":{"line":120,"column":10},"end":{"line":191,"column":16}},"line":120},"22":{"name":"(anonymous_22)","decl":{"start":{"line":154,"column":37},"end":{"line":154,"column":38}},"loc":{"start":{"line":154,"column":43},"end":{"line":154,"column":84}},"line":154},"23":{"name":"(anonymous_23)","decl":{"start":{"line":156,"column":37},"end":{"line":156,"column":38}},"loc":{"start":{"line":156,"column":43},"end":{"line":156,"column":84}},"line":156},"24":{"name":"(anonymous_24)","decl":{"start":{"line":175,"column":37},"end":{"line":175,"column":38}},"loc":{"start":{"line":175,"column":43},"end":{"line":175,"column":89}},"line":175},"25":{"name":"(anonymous_25)","decl":{"start":{"line":177,"column":37},"end":{"line":177,"column":38}},"loc":{"start":{"line":177,"column":43},"end":{"line":177,"column":89}},"line":177},"26":{"name":"(anonymous_26)","decl":{"start":{"line":186,"column":37},"end":{"line":186,"column":38}},"loc":{"start":{"line":186,"column":43},"end":{"line":186,"column":84}},"line":186}},"branchMap":{"0":{"loc":{"start":{"line":39,"column":27},"end":{"line":39,"column":51}},"type":"binary-expr","locations":[{"start":{"line":39,"column":27},"end":{"line":39,"column":46}},{"start":{"line":39,"column":50},"end":{"line":39,"column":51}}],"line":39},"1":{"loc":{"start":{"line":43,"column":22},"end":{"line":43,"column":55}},"type":"binary-expr","locations":[{"start":{"line":43,"column":22},"end":{"line":43,"column":50}},{"start":{"line":43,"column":54},"end":{"line":43,"column":55}}],"line":43},"2":{"loc":{"start":{"line":50,"column":21},"end":{"line":50,"column":55}},"type":"cond-expr","locations":[{"start":{"line":50,"column":41},"end":{"line":50,"column":42}},{"start":{"line":50,"column":45},"end":{"line":50,"column":55}}],"line":50},"3":{"loc":{"start":{"line":58,"column":18},"end":{"line":58,"column":42}},"type":"binary-expr","locations":[{"start":{"line":58,"column":18},"end":{"line":58,"column":37}},{"start":{"line":58,"column":41},"end":{"line":58,"column":42}}],"line":58},"4":{"loc":{"start":{"line":65,"column":27},"end":{"line":65,"column":51}},"type":"binary-expr","locations":[{"start":{"line":65,"column":27},"end":{"line":65,"column":46}},{"start":{"line":65,"column":50},"end":{"line":65,"column":51}}],"line":65},"5":{"loc":{"start":{"line":72,"column":18},"end":{"line":72,"column":43}},"type":"binary-expr","locations":[{"start":{"line":72,"column":18},"end":{"line":72,"column":38}},{"start":{"line":72,"column":42},"end":{"line":72,"column":43}}],"line":72},"6":{"loc":{"start":{"line":79,"column":27},"end":{"line":79,"column":52}},"type":"binary-expr","locations":[{"start":{"line":79,"column":27},"end":{"line":79,"column":47}},{"start":{"line":79,"column":51},"end":{"line":79,"column":52}}],"line":79},"7":{"loc":{"start":{"line":86,"column":4},"end":{"line":92,"column":5}},"type":"if","locations":[{"start":{"line":86,"column":4},"end":{"line":92,"column":5}},{"start":{},"end":{}}],"line":86},"8":{"loc":{"start":{"line":86,"column":8},"end":{"line":86,"column":37}},"type":"binary-expr","locations":[{"start":{"line":86,"column":8},"end":{"line":86,"column":22}},{"start":{"line":86,"column":26},"end":{"line":86,"column":37}}],"line":86},"9":{"loc":{"start":{"line":98,"column":6},"end":{"line":103,"column":43}},"type":"binary-expr","locations":[{"start":{"line":98,"column":6},"end":{"line":98,"column":59}},{"start":{"line":99,"column":6},"end":{"line":99,"column":67}},{"start":{"line":100,"column":6},"end":{"line":100,"column":64}},{"start":{"line":101,"column":6},"end":{"line":101,"column":76}},{"start":{"line":102,"column":6},"end":{"line":102,"column":45}},{"start":{"line":103,"column":6},"end":{"line":103,"column":43}}],"line":98},"10":{"loc":{"start":{"line":118,"column":7},"end":{"line":195,"column":7}},"type":"cond-expr","locations":[{"start":{"line":119,"column":8},"end":{"line":192,"column":10}},{"start":{"line":194,"column":8},"end":{"line":194,"column":59}}],"line":118},"11":{"loc":{"start":{"line":126,"column":73},"end":{"line":126,"column":109}},"type":"binary-expr","locations":[{"start":{"line":126,"column":73},"end":{"line":126,"column":97}},{"start":{"line":126,"column":101},"end":{"line":126,"column":109}}],"line":126},"12":{"loc":{"start":{"line":130,"column":23},"end":{"line":130,"column":66}},"type":"binary-expr","locations":[{"start":{"line":130,"column":23},"end":{"line":130,"column":42}},{"start":{"line":130,"column":46},"end":{"line":130,"column":66}}],"line":130},"13":{"loc":{"start":{"line":139,"column":18},"end":{"line":139,"column":54}},"type":"binary-expr","locations":[{"start":{"line":139,"column":18},"end":{"line":139,"column":42}},{"start":{"line":139,"column":46},"end":{"line":139,"column":54}}],"line":139},"14":{"loc":{"start":{"line":155,"column":27},"end":{"line":155,"column":64}},"type":"binary-expr","locations":[{"start":{"line":155,"column":27},"end":{"line":155,"column":59}},{"start":{"line":155,"column":63},"end":{"line":155,"column":64}}],"line":155},"15":{"loc":{"start":{"line":176,"column":28},"end":{"line":176,"column":83}},"type":"binary-expr","locations":[{"start":{"line":176,"column":28},"end":{"line":176,"column":78}},{"start":{"line":176,"column":82},"end":{"line":176,"column":83}}],"line":176}},"s":{"0":1,"1":0,"2":0,"3":0,"4":0,"5":0,"6":0,"7":0,"8":0,"9":0,"10":0,"11":0,"12":0,"13":0,"14":0,"15":0,"16":0,"17":0,"18":0,"19":0,"20":0,"21":0,"22":0,"23":0,"24":0,"25":0,"26":0,"27":0,"28":0,"29":0,"30":0,"31":0,"32":0,"33":0,"34":0,"35":0,"36":0,"37":0,"38":0,"39":0,"40":0,"41":0,"42":0,"43":0,"44":0,"45":0,"46":0,"47":0,"48":0,"49":0,"50":0,"51":0,"52":0,"53":0,"54":0,"55":0,"56":0,"57":0,"58":0,"59":0,"60":0,"61":0,"62":0,"63":0,"64":0,"65":0},"f":{"0":0,"1":0,"2":0,"3":0,"4":0,"5":0,"6":0,"7":0,"8":0,"9":0,"10":0,"11":0,"12":0,"13":0,"14":0,"15":0,"16":0,"17":0,"18":0,"19":0,"20":0,"21":0,"22":0,"23":0,"24":0,"25":0,"26":0},"b":{"0":[0,0],"1":[0,0],"2":[0,0],"3":[0,0],"4":[0,0],"5":[0,0],"6":[0,0],"7":[0,0],"8":[0,0],"9":[0,0,0,0,0,0],"10":[0,0],"11":[0,0],"12":[0,0],"13":[0,0],"14":[0,0],"15":[0,0]},"_coverageSchema":"1a1c01bbd47fc00a2c39e90264f33305004495a9","hash":"0593cbfe976f21a1eb60a057fca568264f307222"}
,"D:\\CalgaryLY\\cly-pern\\client\\src\\components\\footer\\Footer.jsx": {"path":"D:\\CalgaryLY\\cly-pern\\client\\src\\components\\footer\\Footer.jsx","statementMap":{"0":{"start":{"line":6,"column":15},"end":{"line":132,"column":1}},"1":{"start":{"line":7,"column":34},"end":{"line":11,"column":4}},"2":{"start":{"line":12,"column":38},"end":{"line":12,"column":50}},"3":{"start":{"line":14,"column":23},"end":{"line":20,"column":3}},"4":{"start":{"line":15,"column":28},"end":{"line":15,"column":36}},"5":{"start":{"line":16,"column":4},"end":{"line":19,"column":8}},"6":{"start":{"line":16,"column":30},"end":{"line":19,"column":5}},"7":{"start":{"line":22,"column":23},"end":{"line":50,"column":3}},"8":{"start":{"line":23,"column":4},"end":{"line":23,"column":23}},"9":{"start":{"line":26,"column":29},"end":{"line":30,"column":7}},"10":{"start":{"line":32,"column":4},"end":{"line":46,"column":7}},"11":{"start":{"line":40,"column":6},"end":{"line":40,"column":54}},"12":{"start":{"line":41,"column":6},"end":{"line":41,"column":48}},"13":{"start":{"line":44,"column":6},"end":{"line":44,"column":51}},"14":{"start":{"line":45,"column":6},"end":{"line":45,"column":62}},"15":{"start":{"line":49,"column":4},"end":{"line":49,"column":54}},"16":{"start":{"line":52,"column":2},"end":{"line":131,"column":4}}},"fnMap":{"0":{"name":"(anonymous_0)","decl":{"start":{"line":6,"column":15},"end":{"line":6,"column":16}},"loc":{"start":{"line":6,"column":21},"end":{"line":132,"column":1}},"line":6},"1":{"name":"(anonymous_1)","decl":{"start":{"line":14,"column":23},"end":{"line":14,"column":24}},"loc":{"start":{"line":14,"column":30},"end":{"line":20,"column":3}},"line":14},"2":{"name":"(anonymous_2)","decl":{"start":{"line":16,"column":16},"end":{"line":16,"column":17}},"loc":{"start":{"line":16,"column":30},"end":{"line":19,"column":5}},"line":16},"3":{"name":"(anonymous_3)","decl":{"start":{"line":22,"column":23},"end":{"line":22,"column":24}},"loc":{"start":{"line":22,"column":30},"end":{"line":50,"column":3}},"line":22},"4":{"name":"(anonymous_4)","decl":{"start":{"line":39,"column":10},"end":{"line":39,"column":11}},"loc":{"start":{"line":39,"column":22},"end":{"line":42,"column":5}},"line":39},"5":{"name":"(anonymous_5)","decl":{"start":{"line":43,"column":11},"end":{"line":43,"column":12}},"loc":{"start":{"line":43,"column":22},"end":{"line":46,"column":5}},"line":43}},"branchMap":{"0":{"loc":{"start":{"line":112,"column":13},"end":{"line":112,"column":70}},"type":"binary-expr","locations":[{"start":{"line":112,"column":13},"end":{"line":112,"column":23}},{"start":{"line":112,"column":27},"end":{"line":112,"column":70}}],"line":112}},"s":{"0":1,"1":1,"2":1,"3":1,"4":0,"5":0,"6":0,"7":1,"8":0,"9":0,"10":0,"11":0,"12":0,"13":0,"14":0,"15":0,"16":1},"f":{"0":1,"1":0,"2":0,"3":0,"4":0,"5":0},"b":{"0":[1,0]},"_coverageSchema":"1a1c01bbd47fc00a2c39e90264f33305004495a9","hash":"ec39015f54b1a1a98e085d9779f9df570a325eab"}
,"D:\\CalgaryLY\\cly-pern\\client\\src\\components\\hero\\Hero.jsx": {"path":"D:\\CalgaryLY\\cly-pern\\client\\src\\components\\hero\\Hero.jsx","statementMap":{"0":{"start":{"line":6,"column":44},"end":{"line":6,"column":56}},"1":{"start":{"line":7,"column":60},"end":{"line":7,"column":74}},"2":{"start":{"line":10,"column":4},"end":{"line":20,"column":11}},"3":{"start":{"line":11,"column":34},"end":{"line":18,"column":9}},"4":{"start":{"line":12,"column":12},"end":{"line":17,"column":13}},"5":{"start":{"line":13,"column":33},"end":{"line":13,"column":86}},"6":{"start":{"line":14,"column":16},"end":{"line":14,"column":54}},"7":{"start":{"line":16,"column":16},"end":{"line":16,"column":70}},"8":{"start":{"line":19,"column":8},"end":{"line":19,"column":28}},"9":{"start":{"line":23,"column":4},"end":{"line":33,"column":11}},"10":{"start":{"line":24,"column":42},"end":{"line":31,"column":9}},"11":{"start":{"line":25,"column":12},"end":{"line":30,"column":13}},"12":{"start":{"line":26,"column":33},"end":{"line":26,"column":94}},"13":{"start":{"line":27,"column":16},"end":{"line":27,"column":65}},"14":{"start":{"line":29,"column":16},"end":{"line":29,"column":79}},"15":{"start":{"line":32,"column":8},"end":{"line":32,"column":36}},"16":{"start":{"line":35,"column":4},"end":{"line":95,"column":6}},"17":{"start":{"line":79,"column":28},"end":{"line":84,"column":34}}},"fnMap":{"0":{"name":"Hero","decl":{"start":{"line":5,"column":9},"end":{"line":5,"column":13}},"loc":{"start":{"line":5,"column":16},"end":{"line":96,"column":1}},"line":5},"1":{"name":"(anonymous_1)","decl":{"start":{"line":10,"column":14},"end":{"line":10,"column":15}},"loc":{"start":{"line":10,"column":20},"end":{"line":20,"column":5}},"line":10},"2":{"name":"(anonymous_2)","decl":{"start":{"line":11,"column":34},"end":{"line":11,"column":35}},"loc":{"start":{"line":11,"column":46},"end":{"line":18,"column":9}},"line":11},"3":{"name":"(anonymous_3)","decl":{"start":{"line":23,"column":14},"end":{"line":23,"column":15}},"loc":{"start":{"line":23,"column":20},"end":{"line":33,"column":5}},"line":23},"4":{"name":"(anonymous_4)","decl":{"start":{"line":24,"column":42},"end":{"line":24,"column":43}},"loc":{"start":{"line":24,"column":54},"end":{"line":31,"column":9}},"line":24},"5":{"name":"(anonymous_5)","decl":{"start":{"line":78,"column":41},"end":{"line":78,"column":42}},"loc":{"start":{"line":79,"column":28},"end":{"line":84,"column":34}},"line":79}},"branchMap":{"0":{"loc":{"start":{"line":56,"column":17},"end":{"line":69,"column":17}},"type":"cond-expr","locations":[{"start":{"line":57,"column":20},"end":{"line":66,"column":26}},{"start":{"line":68,"column":20},"end":{"line":68,"column":80}}],"line":56},"1":{"loc":{"start":{"line":63,"column":59},"end":{"line":63,"column":106}},"type":"binary-expr","locations":[{"start":{"line":63,"column":59},"end":{"line":63,"column":94}},{"start":{"line":63,"column":98},"end":{"line":63,"column":106}}],"line":63},"2":{"loc":{"start":{"line":77,"column":21},"end":{"line":88,"column":21}},"type":"cond-expr","locations":[{"start":{"line":78,"column":24},"end":{"line":85,"column":26}},{"start":{"line":87,"column":24},"end":{"line":87,"column":72}}],"line":77}},"s":{"0":3,"1":2,"2":2,"3":1,"4":1,"5":1,"6":1,"7":0,"8":1,"9":2,"10":1,"11":1,"12":1,"13":1,"14":0,"15":1,"16":2,"17":1},"f":{"0":3,"1":1,"2":1,"3":1,"4":1,"5":1},"b":{"0":[1,1],"1":[1,1],"2":[1,1]},"_coverageSchema":"1a1c01bbd47fc00a2c39e90264f33305004495a9","hash":"dc1c270865ec230d94adba803149855a4361fa70"}
,"D:\\CalgaryLY\\cly-pern\\client\\src\\components\\manageUsePage\\manageUsers.jsx": {"path":"D:\\CalgaryLY\\cly-pern\\client\\src\\components\\manageUsePage\\manageUsers.jsx","statementMap":{"0":{"start":{"line":5,"column":20},"end":{"line":81,"column":1}},"1":{"start":{"line":6,"column":28},"end":{"line":10,"column":4}},"2":{"start":{"line":12,"column":38},"end":{"line":12,"column":50}},"3":{"start":{"line":14,"column":23},"end":{"line":16,"column":3}},"4":{"start":{"line":15,"column":4},"end":{"line":15,"column":34}},"5":{"start":{"line":18,"column":24},"end":{"line":21,"column":3}},"6":{"start":{"line":19,"column":4},"end":{"line":20,"column":63}},"7":{"start":{"line":23,"column":21},"end":{"line":26,"column":3}},"8":{"start":{"line":25,"column":4},"end":{"line":25,"column":33}},"9":{"start":{"line":28,"column":23},"end":{"line":31,"column":3}},"10":{"start":{"line":30,"column":4},"end":{"line":30,"column":35}},"11":{"start":{"line":33,"column":2},"end":{"line":80,"column":4}},"12":{"start":{"line":61,"column":12},"end":{"line":75,"column":17}},"13":{"start":{"line":66,"column":39},"end":{"line":66,"column":58}},"14":{"start":{"line":70,"column":39},"end":{"line":70,"column":60}}},"fnMap":{"0":{"name":"(anonymous_0)","decl":{"start":{"line":5,"column":20},"end":{"line":5,"column":21}},"loc":{"start":{"line":5,"column":26},"end":{"line":81,"column":1}},"line":5},"1":{"name":"(anonymous_1)","decl":{"start":{"line":14,"column":23},"end":{"line":14,"column":24}},"loc":{"start":{"line":14,"column":30},"end":{"line":16,"column":3}},"line":14},"2":{"name":"(anonymous_2)","decl":{"start":{"line":18,"column":37},"end":{"line":18,"column":38}},"loc":{"start":{"line":19,"column":4},"end":{"line":20,"column":63}},"line":19},"3":{"name":"(anonymous_3)","decl":{"start":{"line":23,"column":21},"end":{"line":23,"column":22}},"loc":{"start":{"line":23,"column":29},"end":{"line":26,"column":3}},"line":23},"4":{"name":"(anonymous_4)","decl":{"start":{"line":28,"column":23},"end":{"line":28,"column":24}},"loc":{"start":{"line":28,"column":31},"end":{"line":31,"column":3}},"line":28},"5":{"name":"(anonymous_5)","decl":{"start":{"line":60,"column":29},"end":{"line":60,"column":30}},"loc":{"start":{"line":61,"column":12},"end":{"line":75,"column":17}},"line":61},"6":{"name":"(anonymous_6)","decl":{"start":{"line":66,"column":33},"end":{"line":66,"column":34}},"loc":{"start":{"line":66,"column":39},"end":{"line":66,"column":58}},"line":66},"7":{"name":"(anonymous_7)","decl":{"start":{"line":70,"column":33},"end":{"line":70,"column":34}},"loc":{"start":{"line":70,"column":39},"end":{"line":70,"column":60}},"line":70}},"branchMap":{"0":{"loc":{"start":{"line":19,"column":4},"end":{"line":20,"column":63}},"type":"binary-expr","locations":[{"start":{"line":19,"column":4},"end":{"line":19,"column":62}},{"start":{"line":20,"column":4},"end":{"line":20,"column":63}}],"line":19}},"s":{"0":1,"1":0,"2":0,"3":0,"4":0,"5":0,"6":0,"7":0,"8":0,"9":0,"10":0,"11":0,"12":0,"13":0,"14":0},"f":{"0":0,"1":0,"2":0,"3":0,"4":0,"5":0,"6":0,"7":0},"b":{"0":[0,0]},"_coverageSchema":"1a1c01bbd47fc00a2c39e90264f33305004495a9","hash":"e84418335dabebcae3d36e71fb5b4bbeb0f50669"}
,"D:\\CalgaryLY\\cly-pern\\client\\src\\components\\navbar\\Navbar.jsx": {"path":"D:\\CalgaryLY\\cly-pern\\client\\src\\components\\navbar\\Navbar.jsx","statementMap":{"0":{"start":{"line":5,"column":15},"end":{"line":34,"column":1}},"1":{"start":{"line":6,"column":30},"end":{"line":6,"column":45}},"2":{"start":{"line":8,"column":21},"end":{"line":10,"column":3}},"3":{"start":{"line":9,"column":4},"end":{"line":9,"column":23}},"4":{"start":{"line":12,"column":2},"end":{"line":33,"column":4}}},"fnMap":{"0":{"name":"(anonymous_0)","decl":{"start":{"line":5,"column":15},"end":{"line":5,"column":16}},"loc":{"start":{"line":5,"column":21},"end":{"line":34,"column":1}},"line":5},"1":{"name":"(anonymous_1)","decl":{"start":{"line":8,"column":21},"end":{"line":8,"column":22}},"loc":{"start":{"line":8,"column":27},"end":{"line":10,"column":3}},"line":8}},"branchMap":{"0":{"loc":{"start":{"line":19,"column":41},"end":{"line":19,"column":76}},"type":"cond-expr","locations":[{"start":{"line":19,"column":50},"end":{"line":19,"column":71}},{"start":{"line":19,"column":74},"end":{"line":19,"column":76}}],"line":19}},"s":{"0":1,"1":1,"2":1,"3":0,"4":1},"f":{"0":1,"1":0},"b":{"0":[0,1]},"_coverageSchema":"1a1c01bbd47fc00a2c39e90264f33305004495a9","hash":"311259dc539900d793801e58fbd22a0967db0f91"}
,"D:\\CalgaryLY\\cly-pern\\client\\src\\components\\pform\\Pform.jsx": {"path":"D:\\CalgaryLY\\cly-pern\\client\\src\\components\\pform\\Pform.jsx","statementMap":{"0":{"start":{"line":5,"column":20},"end":{"line":130,"column":1}},"1":{"start":{"line":6,"column":19},"end":{"line":6,"column":32}},"2":{"start":{"line":7,"column":22},"end":{"line":7,"column":58}},"3":{"start":{"line":10,"column":22},"end":{"line":10,"column":64}},"4":{"start":{"line":13,"column":26},"end":{"line":18,"column":3}},"5":{"start":{"line":20,"column":34},"end":{"line":20,"column":59}},"6":{"start":{"line":21,"column":28},"end":{"line":21,"column":42}},"7":{"start":{"line":22,"column":36},"end":{"line":22,"column":51}},"8":{"start":{"line":24,"column":23},"end":{"line":30,"column":3}},"9":{"start":{"line":25,"column":28},"end":{"line":25,"column":36}},"10":{"start":{"line":26,"column":4},"end":{"line":29,"column":8}},"11":{"start":{"line":26,"column":27},"end":{"line":29,"column":5}},"12":{"start":{"line":32,"column":23},"end":{"line":66,"column":3}},"13":{"start":{"line":33,"column":4},"end":{"line":33,"column":23}},"14":{"start":{"line":34,"column":4},"end":{"line":34,"column":19}},"15":{"start":{"line":35,"column":4},"end":{"line":35,"column":23}},"16":{"start":{"line":37,"column":4},"end":{"line":65,"column":5}},"17":{"start":{"line":38,"column":23},"end":{"line":47,"column":8}},"18":{"start":{"line":49,"column":6},"end":{"line":52,"column":7}},"19":{"start":{"line":50,"column":26},"end":{"line":50,"column":47}},"20":{"start":{"line":51,"column":8},"end":{"line":51,"column":78}},"21":{"start":{"line":54,"column":19},"end":{"line":54,"column":40}},"22":{"start":{"line":56,"column":6},"end":{"line":60,"column":7}},"23":{"start":{"line":57,"column":8},"end":{"line":57,"column":48}},"24":{"start":{"line":59,"column":8},"end":{"line":59,"column":56}},"25":{"start":{"line":62,"column":6},"end":{"line":62,"column":51}},"26":{"start":{"line":64,"column":6},"end":{"line":64,"column":26}},"27":{"start":{"line":68,"column":2},"end":{"line":129,"column":4}}},"fnMap":{"0":{"name":"(anonymous_0)","decl":{"start":{"line":5,"column":20},"end":{"line":5,"column":21}},"loc":{"start":{"line":5,"column":26},"end":{"line":130,"column":1}},"line":5},"1":{"name":"(anonymous_1)","decl":{"start":{"line":24,"column":23},"end":{"line":24,"column":24}},"loc":{"start":{"line":24,"column":30},"end":{"line":30,"column":3}},"line":24},"2":{"name":"(anonymous_2)","decl":{"start":{"line":26,"column":16},"end":{"line":26,"column":17}},"loc":{"start":{"line":26,"column":27},"end":{"line":29,"column":5}},"line":26},"3":{"name":"(anonymous_3)","decl":{"start":{"line":32,"column":23},"end":{"line":32,"column":24}},"loc":{"start":{"line":32,"column":36},"end":{"line":66,"column":3}},"line":32}},"branchMap":{"0":{"loc":{"start":{"line":10,"column":22},"end":{"line":10,"column":64}},"type":"binary-expr","locations":[{"start":{"line":10,"column":22},"end":{"line":10,"column":59}},{"start":{"line":10,"column":63},"end":{"line":10,"column":64}}],"line":10},"1":{"loc":{"start":{"line":14,"column":15},"end":{"line":14,"column":46}},"type":"binary-expr","locations":[{"start":{"line":14,"column":15},"end":{"line":14,"column":40}},{"start":{"line":14,"column":44},"end":{"line":14,"column":46}}],"line":14},"2":{"loc":{"start":{"line":15,"column":14},"end":{"line":15,"column":44}},"type":"binary-expr","locations":[{"start":{"line":15,"column":14},"end":{"line":15,"column":38}},{"start":{"line":15,"column":42},"end":{"line":15,"column":44}}],"line":15},"3":{"loc":{"start":{"line":16,"column":11},"end":{"line":16,"column":38}},"type":"binary-expr","locations":[{"start":{"line":16,"column":11},"end":{"line":16,"column":32}},{"start":{"line":16,"column":36},"end":{"line":16,"column":38}}],"line":16},"4":{"loc":{"start":{"line":49,"column":6},"end":{"line":52,"column":7}},"type":"if","locations":[{"start":{"line":49,"column":6},"end":{"line":52,"column":7}},{"start":{},"end":{}}],"line":49},"5":{"loc":{"start":{"line":51,"column":24},"end":{"line":51,"column":76}},"type":"binary-expr","locations":[{"start":{"line":51,"column":24},"end":{"line":51,"column":41}},{"start":{"line":51,"column":45},"end":{"line":51,"column":76}}],"line":51},"6":{"loc":{"start":{"line":56,"column":6},"end":{"line":60,"column":7}},"type":"if","locations":[{"start":{"line":56,"column":6},"end":{"line":60,"column":7}},{"start":{"line":58,"column":13},"end":{"line":60,"column":7}}],"line":56},"7":{"loc":{"start":{"line":56,"column":10},"end":{"line":56,"column":55}},"type":"binary-expr","locations":[{"start":{"line":56,"column":10},"end":{"line":56,"column":35}},{"start":{"line":56,"column":39},"end":{"line":56,"column":55}}],"line":56},"8":{"loc":{"start":{"line":62,"column":15},"end":{"line":62,"column":49}},"type":"binary-expr","locations":[{"start":{"line":62,"column":15},"end":{"line":62,"column":26}},{"start":{"line":62,"column":30},"end":{"line":62,"column":49}}],"line":62},"9":{"loc":{"start":{"line":123,"column":13},"end":{"line":123,"column":63}},"type":"cond-expr","locations":[{"start":{"line":123,"column":25},"end":{"line":123,"column":40}},{"start":{"line":123,"column":43},"end":{"line":123,"column":63}}],"line":123},"10":{"loc":{"start":{"line":125,"column":11},"end":{"line":125,"column":70}},"type":"binary-expr","locations":[{"start":{"line":125,"column":11},"end":{"line":125,"column":16}},{"start":{"line":125,"column":20},"end":{"line":125,"column":70}}],"line":125}},"s":{"0":1,"1":0,"2":0,"3":0,"4":0,"5":0,"6":0,"7":0,"8":0,"9":0,"10":0,"11":0,"12":0,"13":0,"14":0,"15":0,"16":0,"17":0,"18":0,"19":0,"20":0,"21":0,"22":0,"23":0,"24":0,"25":0,"26":0,"27":0},"f":{"0":0,"1":0,"2":0,"3":0},"b":{"0":[0,0],"1":[0,0],"2":[0,0],"3":[0,0],"4":[0,0],"5":[0,0],"6":[0,0],"7":[0,0],"8":[0,0],"9":[0,0],"10":[0,0]},"_coverageSchema":"1a1c01bbd47fc00a2c39e90264f33305004495a9","hash":"ee8adb18384b44bc43ad833ab83aaf226a2d5854"}
,"D:\\CalgaryLY\\cly-pern\\client\\src\\components\\speakers\\Speakers.jsx": {"path":"D:\\CalgaryLY\\cly-pern\\client\\src\\components\\speakers\\Speakers.jsx","statementMap":{"0":{"start":{"line":5,"column":17},"end":{"line":59,"column":1}},"1":{"start":{"line":6,"column":34},"end":{"line":6,"column":46}},"2":{"start":{"line":7,"column":32},"end":{"line":7,"column":46}},"3":{"start":{"line":8,"column":28},"end":{"line":8,"column":42}},"4":{"start":{"line":11,"column":2},"end":{"line":25,"column":9}},"5":{"start":{"line":12,"column":26},"end":{"line":22,"column":5}},"6":{"start":{"line":13,"column":6},"end":{"line":21,"column":7}},"7":{"start":{"line":14,"column":25},"end":{"line":14,"column":74}},"8":{"start":{"line":15,"column":8},"end":{"line":15,"column":42}},"9":{"start":{"line":16,"column":8},"end":{"line":16,"column":26}},"10":{"start":{"line":18,"column":8},"end":{"line":18,"column":57}},"11":{"start":{"line":19,"column":8},"end":{"line":19,"column":44}},"12":{"start":{"line":20,"column":8},"end":{"line":20,"column":26}},"13":{"start":{"line":24,"column":4},"end":{"line":24,"column":20}},"14":{"start":{"line":27,"column":2},"end":{"line":29,"column":3}},"15":{"start":{"line":28,"column":4},"end":{"line":28,"column":72}},"16":{"start":{"line":31,"column":2},"end":{"line":33,"column":3}},"17":{"start":{"line":32,"column":4},"end":{"line":32,"column":58}},"18":{"start":{"line":35,"column":2},"end":{"line":58,"column":4}},"19":{"start":{"line":40,"column":10},"end":{"line":54,"column":16}}},"fnMap":{"0":{"name":"(anonymous_0)","decl":{"start":{"line":5,"column":17},"end":{"line":5,"column":18}},"loc":{"start":{"line":5,"column":23},"end":{"line":59,"column":1}},"line":5},"1":{"name":"(anonymous_1)","decl":{"start":{"line":11,"column":12},"end":{"line":11,"column":13}},"loc":{"start":{"line":11,"column":18},"end":{"line":25,"column":3}},"line":11},"2":{"name":"(anonymous_2)","decl":{"start":{"line":12,"column":26},"end":{"line":12,"column":27}},"loc":{"start":{"line":12,"column":38},"end":{"line":22,"column":5}},"line":12},"3":{"name":"(anonymous_3)","decl":{"start":{"line":39,"column":22},"end":{"line":39,"column":23}},"loc":{"start":{"line":40,"column":10},"end":{"line":54,"column":16}},"line":40}},"branchMap":{"0":{"loc":{"start":{"line":27,"column":2},"end":{"line":29,"column":3}},"type":"if","locations":[{"start":{"line":27,"column":2},"end":{"line":29,"column":3}},{"start":{},"end":{}}],"line":27},"1":{"loc":{"start":{"line":31,"column":2},"end":{"line":33,"column":3}},"type":"if","locations":[{"start":{"line":31,"column":2},"end":{"line":33,"column":3}},{"start":{},"end":{}}],"line":31},"2":{"loc":{"start":{"line":41,"column":13},"end":{"line":47,"column":13}},"type":"binary-expr","locations":[{"start":{"line":41,"column":13},"end":{"line":41,"column":31}},{"start":{"line":42,"column":14},"end":{"line":46,"column":16}}],"line":41},"3":{"loc":{"start":{"line":52,"column":48},"end":{"line":52,"column":74}},"type":"binary-expr","locations":[{"start":{"line":52,"column":48},"end":{"line":52,"column":65}},{"start":{"line":52,"column":69},"end":{"line":52,"column":74}}],"line":52}},"s":{"0":1,"1":0,"2":0,"3":0,"4":0,"5":0,"6":0,"7":0,"8":0,"9":0,"10":0,"11":0,"12":0,"13":0,"14":0,"15":0,"16":0,"17":0,"18":0,"19":0},"f":{"0":0,"1":0,"2":0,"3":0},"b":{"0":[0,0],"1":[0,0],"2":[0,0],"3":[0,0]},"_coverageSchema":"1a1c01bbd47fc00a2c39e90264f33305004495a9","hash":"520c81fc5bc65a90e50fcf32de1f9cd5f8c24fcb"}
,"D:\\CalgaryLY\\cly-pern\\client\\src\\components\\training\\Training.jsx": {"path":"D:\\CalgaryLY\\cly-pern\\client\\src\\components\\training\\Training.jsx","statementMap":{"0":{"start":{"line":6,"column":17},"end":{"line":115,"column":1}},"1":{"start":{"line":7,"column":18},"end":{"line":7,"column":22}},"2":{"start":{"line":8,"column":25},"end":{"line":8,"column":32}},"3":{"start":{"line":10,"column":46},"end":{"line":10,"column":58}},"4":{"start":{"line":11,"column":42},"end":{"line":11,"column":54}},"5":{"start":{"line":12,"column":40},"end":{"line":12,"column":51}},"6":{"start":{"line":13,"column":19},"end":{"line":13,"column":32}},"7":{"start":{"line":16,"column":2},"end":{"line":34,"column":9}},"8":{"start":{"line":17,"column":32},"end":{"line":31,"column":5}},"9":{"start":{"line":18,"column":6},"end":{"line":30,"column":7}},"10":{"start":{"line":19,"column":25},"end":{"line":19,"column":81}},"11":{"start":{"line":20,"column":8},"end":{"line":20,"column":48}},"12":{"start":{"line":23,"column":30},"end":{"line":26,"column":14}},"13":{"start":{"line":24,"column":10},"end":{"line":24,"column":34}},"14":{"start":{"line":25,"column":10},"end":{"line":25,"column":21}},"15":{"start":{"line":27,"column":8},"end":{"line":27,"column":39}},"16":{"start":{"line":29,"column":8},"end":{"line":29,"column":64}},"17":{"start":{"line":33,"column":4},"end":{"line":33,"column":26}},"18":{"start":{"line":37,"column":2},"end":{"line":52,"column":62}},"19":{"start":{"line":38,"column":27},"end":{"line":49,"column":5}},"20":{"start":{"line":39,"column":26},"end":{"line":46,"column":11}},"21":{"start":{"line":40,"column":27},"end":{"line":40,"column":51}},"22":{"start":{"line":41,"column":20},"end":{"line":41,"column":40}},"23":{"start":{"line":42,"column":27},"end":{"line":42,"column":54}},"24":{"start":{"line":43,"column":34},"end":{"line":43,"column":63}},"25":{"start":{"line":44,"column":22},"end":{"line":44,"column":55}},"26":{"start":{"line":45,"column":8},"end":{"line":45,"column":47}},"27":{"start":{"line":48,"column":6},"end":{"line":48,"column":34}},"28":{"start":{"line":51,"column":4},"end":{"line":51,"column":21}},"29":{"start":{"line":54,"column":32},"end":{"line":59,"column":3}},"30":{"start":{"line":55,"column":4},"end":{"line":58,"column":8}},"31":{"start":{"line":55,"column":37},"end":{"line":58,"column":5}},"32":{"start":{"line":61,"column":32},"end":{"line":66,"column":3}},"33":{"start":{"line":62,"column":4},"end":{"line":65,"column":8}},"34":{"start":{"line":62,"column":37},"end":{"line":65,"column":5}},"35":{"start":{"line":68,"column":2},"end":{"line":114,"column":4}},"36":{"start":{"line":74,"column":10},"end":{"line":96,"column":16}},"37":{"start":{"line":91,"column":39},"end":{"line":91,"column":80}},"38":{"start":{"line":93,"column":39},"end":{"line":93,"column":80}},"39":{"start":{"line":107,"column":12},"end":{"line":107,"column":52}}},"fnMap":{"0":{"name":"(anonymous_0)","decl":{"start":{"line":6,"column":17},"end":{"line":6,"column":18}},"loc":{"start":{"line":6,"column":23},"end":{"line":115,"column":1}},"line":6},"1":{"name":"(anonymous_1)","decl":{"start":{"line":16,"column":12},"end":{"line":16,"column":13}},"loc":{"start":{"line":16,"column":18},"end":{"line":34,"column":3}},"line":16},"2":{"name":"(anonymous_2)","decl":{"start":{"line":17,"column":32},"end":{"line":17,"column":33}},"loc":{"start":{"line":17,"column":44},"end":{"line":31,"column":5}},"line":17},"3":{"name":"(anonymous_3)","decl":{"start":{"line":23,"column":58},"end":{"line":23,"column":59}},"loc":{"start":{"line":23,"column":74},"end":{"line":26,"column":9}},"line":23},"4":{"name":"(anonymous_4)","decl":{"start":{"line":37,"column":12},"end":{"line":37,"column":13}},"loc":{"start":{"line":37,"column":18},"end":{"line":52,"column":3}},"line":37},"5":{"name":"(anonymous_5)","decl":{"start":{"line":38,"column":27},"end":{"line":38,"column":28}},"loc":{"start":{"line":38,"column":33},"end":{"line":49,"column":5}},"line":38},"6":{"name":"(anonymous_6)","decl":{"start":{"line":39,"column":48},"end":{"line":39,"column":49}},"loc":{"start":{"line":39,"column":64},"end":{"line":46,"column":7}},"line":39},"7":{"name":"(anonymous_7)","decl":{"start":{"line":54,"column":32},"end":{"line":54,"column":33}},"loc":{"start":{"line":54,"column":45},"end":{"line":59,"column":3}},"line":54},"8":{"name":"(anonymous_8)","decl":{"start":{"line":55,"column":20},"end":{"line":55,"column":21}},"loc":{"start":{"line":55,"column":37},"end":{"line":58,"column":5}},"line":55},"9":{"name":"(anonymous_9)","decl":{"start":{"line":61,"column":32},"end":{"line":61,"column":33}},"loc":{"start":{"line":61,"column":45},"end":{"line":66,"column":3}},"line":61},"10":{"name":"(anonymous_10)","decl":{"start":{"line":62,"column":20},"end":{"line":62,"column":21}},"loc":{"start":{"line":62,"column":37},"end":{"line":65,"column":5}},"line":62},"11":{"name":"(anonymous_11)","decl":{"start":{"line":73,"column":27},"end":{"line":73,"column":28}},"loc":{"start":{"line":74,"column":10},"end":{"line":96,"column":16}},"line":74},"12":{"name":"(anonymous_12)","decl":{"start":{"line":91,"column":33},"end":{"line":91,"column":34}},"loc":{"start":{"line":91,"column":39},"end":{"line":91,"column":80}},"line":91},"13":{"name":"(anonymous_13)","decl":{"start":{"line":93,"column":33},"end":{"line":93,"column":34}},"loc":{"start":{"line":93,"column":39},"end":{"line":93,"column":80}},"line":93},"14":{"name":"(anonymous_14)","decl":{"start":{"line":106,"column":19},"end":{"line":106,"column":20}},"loc":{"start":{"line":107,"column":12},"end":{"line":107,"column":52}},"line":107}},"branchMap":{"0":{"loc":{"start":{"line":40,"column":27},"end":{"line":40,"column":51}},"type":"binary-expr","locations":[{"start":{"line":40,"column":27},"end":{"line":40,"column":46}},{"start":{"line":40,"column":50},"end":{"line":40,"column":51}}],"line":40},"1":{"loc":{"start":{"line":44,"column":22},"end":{"line":44,"column":55}},"type":"binary-expr","locations":[{"start":{"line":44,"column":22},"end":{"line":44,"column":50}},{"start":{"line":44,"column":54},"end":{"line":44,"column":55}}],"line":44},"2":{"loc":{"start":{"line":57,"column":18},"end":{"line":57,"column":42}},"type":"binary-expr","locations":[{"start":{"line":57,"column":18},"end":{"line":57,"column":37}},{"start":{"line":57,"column":41},"end":{"line":57,"column":42}}],"line":57},"3":{"loc":{"start":{"line":64,"column":27},"end":{"line":64,"column":51}},"type":"binary-expr","locations":[{"start":{"line":64,"column":27},"end":{"line":64,"column":46}},{"start":{"line":64,"column":50},"end":{"line":64,"column":51}}],"line":64},"4":{"loc":{"start":{"line":72,"column":7},"end":{"line":100,"column":7}},"type":"cond-expr","locations":[{"start":{"line":73,"column":8},"end":{"line":97,"column":10}},{"start":{"line":99,"column":8},"end":{"line":99,"column":67}}],"line":72},"5":{"loc":{"start":{"line":76,"column":19},"end":{"line":76,"column":78}},"type":"cond-expr","locations":[{"start":{"line":76,"column":41},"end":{"line":76,"column":60}},{"start":{"line":76,"column":63},"end":{"line":76,"column":78}}],"line":76},"6":{"loc":{"start":{"line":88,"column":50},"end":{"line":88,"column":91}},"type":"cond-expr","locations":[{"start":{"line":88,"column":68},"end":{"line":88,"column":83}},{"start":{"line":88,"column":86},"end":{"line":88,"column":91}}],"line":88},"7":{"loc":{"start":{"line":92,"column":23},"end":{"line":92,"column":60}},"type":"binary-expr","locations":[{"start":{"line":92,"column":23},"end":{"line":92,"column":55}},{"start":{"line":92,"column":59},"end":{"line":92,"column":60}}],"line":92}},"s":{"0":1,"1":0,"2":0,"3":0,"4":0,"5":0,"6":0,"7":0,"8":0,"9":0,"10":0,"11":0,"12":0,"13":0,"14":0,"15":0,"16":0,"17":0,"18":0,"19":0,"20":0,"21":0,"22":0,"23":0,"24":0,"25":0,"26":0,"27":0,"28":0,"29":0,"30":0,"31":0,"32":0,"33":0,"34":0,"35":0,"36":0,"37":0,"38":0,"39":0},"f":{"0":0,"1":0,"2":0,"3":0,"4":0,"5":0,"6":0,"7":0,"8":0,"9":0,"10":0,"11":0,"12":0,"13":0,"14":0},"b":{"0":[0,0],"1":[0,0],"2":[0,0],"3":[0,0],"4":[0,0],"5":[0,0],"6":[0,0],"7":[0,0]},"_coverageSchema":"1a1c01bbd47fc00a2c39e90264f33305004495a9","hash":"e2bff831403306d5755be38036e8a6a03dfa3600"}
,"D:\\CalgaryLY\\cly-pern\\client\\src\\components\\update\\CreateEventModal.jsx": {"path":"D:\\CalgaryLY\\cly-pern\\client\\src\\components\\update\\CreateEventModal.jsx","statementMap":{"0":{"start":{"line":5,"column":25},"end":{"line":165,"column":1}},"1":{"start":{"line":6,"column":34},"end":{"line":17,"column":4}},"2":{"start":{"line":19,"column":23},"end":{"line":32,"column":3}},"3":{"start":{"line":20,"column":35},"end":{"line":20,"column":43}},"4":{"start":{"line":21,"column":4},"end":{"line":31,"column":5}},"5":{"start":{"line":22,"column":6},"end":{"line":25,"column":10}},"6":{"start":{"line":22,"column":33},"end":{"line":25,"column":7}},"7":{"start":{"line":27,"column":6},"end":{"line":30,"column":10}},"8":{"start":{"line":27,"column":33},"end":{"line":30,"column":7}},"9":{"start":{"line":34,"column":23},"end":{"line":75,"column":3}},"10":{"start":{"line":35,"column":4},"end":{"line":35,"column":23}},"11":{"start":{"line":36,"column":18},"end":{"line":36,"column":47}},"12":{"start":{"line":38,"column":26},"end":{"line":38,"column":40}},"13":{"start":{"line":39,"column":4},"end":{"line":39,"column":60}},"14":{"start":{"line":40,"column":4},"end":{"line":40,"column":60}},"15":{"start":{"line":41,"column":4},"end":{"line":41,"column":60}},"16":{"start":{"line":42,"column":4},"end":{"line":42,"column":56}},"17":{"start":{"line":43,"column":4},"end":{"line":43,"column":68}},"18":{"start":{"line":44,"column":4},"end":{"line":44,"column":58}},"19":{"start":{"line":45,"column":4},"end":{"line":45,"column":74}},"20":{"start":{"line":46,"column":4},"end":{"line":46,"column":60}},"21":{"start":{"line":47,"column":4},"end":{"line":47,"column":50}},"22":{"start":{"line":49,"column":4},"end":{"line":51,"column":5}},"23":{"start":{"line":50,"column":6},"end":{"line":50,"column":52}},"24":{"start":{"line":53,"column":4},"end":{"line":74,"column":5}},"25":{"start":{"line":54,"column":23},"end":{"line":63,"column":7}},"26":{"start":{"line":65,"column":6},"end":{"line":70,"column":7}},"27":{"start":{"line":66,"column":8},"end":{"line":66,"column":45}},"28":{"start":{"line":67,"column":8},"end":{"line":67,"column":18}},"29":{"start":{"line":69,"column":8},"end":{"line":69,"column":39}},"30":{"start":{"line":72,"column":6},"end":{"line":72,"column":52}},"31":{"start":{"line":73,"column":6},"end":{"line":73,"column":36}},"32":{"start":{"line":77,"column":2},"end":{"line":164,"column":4}}},"fnMap":{"0":{"name":"(anonymous_0)","decl":{"start":{"line":5,"column":25},"end":{"line":5,"column":26}},"loc":{"start":{"line":5,"column":42},"end":{"line":165,"column":1}},"line":5},"1":{"name":"(anonymous_1)","decl":{"start":{"line":19,"column":23},"end":{"line":19,"column":24}},"loc":{"start":{"line":19,"column":30},"end":{"line":32,"column":3}},"line":19},"2":{"name":"(anonymous_2)","decl":{"start":{"line":22,"column":18},"end":{"line":22,"column":19}},"loc":{"start":{"line":22,"column":33},"end":{"line":25,"column":7}},"line":22},"3":{"name":"(anonymous_3)","decl":{"start":{"line":27,"column":18},"end":{"line":27,"column":19}},"loc":{"start":{"line":27,"column":33},"end":{"line":30,"column":7}},"line":27},"4":{"name":"(anonymous_4)","decl":{"start":{"line":34,"column":23},"end":{"line":34,"column":24}},"loc":{"start":{"line":34,"column":36},"end":{"line":75,"column":3}},"line":34}},"branchMap":{"0":{"loc":{"start":{"line":21,"column":4},"end":{"line":31,"column":5}},"type":"if","locations":[{"start":{"line":21,"column":4},"end":{"line":31,"column":5}},{"start":{"line":26,"column":11},"end":{"line":31,"column":5}}],"line":21},"1":{"loc":{"start":{"line":49,"column":4},"end":{"line":51,"column":5}},"type":"if","locations":[{"start":{"line":49,"column":4},"end":{"line":51,"column":5}},{"start":{},"end":{}}],"line":49},"2":{"loc":{"start":{"line":65,"column":6},"end":{"line":70,"column":7}},"type":"if","locations":[{"start":{"line":65,"column":6},"end":{"line":70,"column":7}},{"start":{"line":68,"column":13},"end":{"line":70,"column":7}}],"line":65}},"s":{"0":1,"1":0,"2":0,"3":0,"4":0,"5":0,"6":0,"7":0,"8":0,"9":0,"10":0,"11":0,"12":0,"13":0,"14":0,"15":0,"16":0,"17":0,"18":0,"19":0,"20":0,"21":0,"22":0,"23":0,"24":0,"25":0,"26":0,"27":0,"28":0,"29":0,"30":0,"31":0,"32":0},"f":{"0":0,"1":0,"2":0,"3":0,"4":0},"b":{"0":[0,0],"1":[0,0],"2":[0,0]},"_coverageSchema":"1a1c01bbd47fc00a2c39e90264f33305004495a9","hash":"e47f268e77ed33d8761bff4d3cebb9033898723a"}
,"D:\\CalgaryLY\\cly-pern\\client\\src\\components\\update\\DeleteEventModal.jsx": {"path":"D:\\CalgaryLY\\cly-pern\\client\\src\\components\\update\\DeleteEventModal.jsx","statementMap":{"0":{"start":{"line":5,"column":25},"end":{"line":100,"column":1}},"1":{"start":{"line":6,"column":32},"end":{"line":6,"column":44}},"2":{"start":{"line":7,"column":30},"end":{"line":7,"column":42}},"3":{"start":{"line":8,"column":38},"end":{"line":8,"column":50}},"4":{"start":{"line":10,"column":2},"end":{"line":21,"column":9}},"5":{"start":{"line":11,"column":24},"end":{"line":18,"column":5}},"6":{"start":{"line":12,"column":6},"end":{"line":17,"column":7}},"7":{"start":{"line":13,"column":25},"end":{"line":13,"column":72}},"8":{"start":{"line":14,"column":8},"end":{"line":14,"column":40}},"9":{"start":{"line":16,"column":8},"end":{"line":16,"column":55}},"10":{"start":{"line":20,"column":4},"end":{"line":20,"column":18}},"11":{"start":{"line":23,"column":23},"end":{"line":25,"column":3}},"12":{"start":{"line":24,"column":4},"end":{"line":24,"column":31}},"13":{"start":{"line":27,"column":23},"end":{"line":48,"column":3}},"14":{"start":{"line":28,"column":4},"end":{"line":28,"column":23}},"15":{"start":{"line":29,"column":18},"end":{"line":29,"column":47}},"16":{"start":{"line":31,"column":4},"end":{"line":47,"column":5}},"17":{"start":{"line":32,"column":23},"end":{"line":36,"column":8}},"18":{"start":{"line":38,"column":6},"end":{"line":43,"column":7}},"19":{"start":{"line":39,"column":8},"end":{"line":39,"column":45}},"20":{"start":{"line":40,"column":8},"end":{"line":40,"column":18}},"21":{"start":{"line":42,"column":8},"end":{"line":42,"column":39}},"22":{"start":{"line":45,"column":6},"end":{"line":45,"column":52}},"23":{"start":{"line":46,"column":6},"end":{"line":46,"column":36}},"24":{"start":{"line":50,"column":25},"end":{"line":52,"column":3}},"25":{"start":{"line":51,"column":4},"end":{"line":51,"column":69}},"26":{"start":{"line":54,"column":2},"end":{"line":99,"column":4}},"27":{"start":{"line":64,"column":29},"end":{"line":64,"column":58}},"28":{"start":{"line":88,"column":16},"end":{"line":90,"column":21}}},"fnMap":{"0":{"name":"(anonymous_0)","decl":{"start":{"line":5,"column":25},"end":{"line":5,"column":26}},"loc":{"start":{"line":5,"column":42},"end":{"line":100,"column":1}},"line":5},"1":{"name":"(anonymous_1)","decl":{"start":{"line":10,"column":12},"end":{"line":10,"column":13}},"loc":{"start":{"line":10,"column":18},"end":{"line":21,"column":3}},"line":10},"2":{"name":"(anonymous_2)","decl":{"start":{"line":11,"column":24},"end":{"line":11,"column":25}},"loc":{"start":{"line":11,"column":36},"end":{"line":18,"column":5}},"line":11},"3":{"name":"(anonymous_3)","decl":{"start":{"line":23,"column":23},"end":{"line":23,"column":24}},"loc":{"start":{"line":23,"column":30},"end":{"line":25,"column":3}},"line":23},"4":{"name":"(anonymous_4)","decl":{"start":{"line":27,"column":23},"end":{"line":27,"column":24}},"loc":{"start":{"line":27,"column":36},"end":{"line":48,"column":3}},"line":27},"5":{"name":"(anonymous_5)","decl":{"start":{"line":50,"column":39},"end":{"line":50,"column":40}},"loc":{"start":{"line":51,"column":4},"end":{"line":51,"column":69}},"line":51},"6":{"name":"(anonymous_6)","decl":{"start":{"line":64,"column":22},"end":{"line":64,"column":23}},"loc":{"start":{"line":64,"column":29},"end":{"line":64,"column":58}},"line":64},"7":{"name":"(anonymous_7)","decl":{"start":{"line":87,"column":33},"end":{"line":87,"column":34}},"loc":{"start":{"line":88,"column":16},"end":{"line":90,"column":21}},"line":88}},"branchMap":{"0":{"loc":{"start":{"line":38,"column":6},"end":{"line":43,"column":7}},"type":"if","locations":[{"start":{"line":38,"column":6},"end":{"line":43,"column":7}},{"start":{"line":41,"column":13},"end":{"line":43,"column":7}}],"line":38},"1":{"loc":{"start":{"line":86,"column":13},"end":{"line":94,"column":13}},"type":"cond-expr","locations":[{"start":{"line":87,"column":14},"end":{"line":91,"column":16}},{"start":{"line":93,"column":14},"end":{"line":93,"column":39}}],"line":86}},"s":{"0":1,"1":0,"2":0,"3":0,"4":0,"5":0,"6":0,"7":0,"8":0,"9":0,"10":0,"11":0,"12":0,"13":0,"14":0,"15":0,"16":0,"17":0,"18":0,"19":0,"20":0,"21":0,"22":0,"23":0,"24":0,"25":0,"26":0,"27":0,"28":0},"f":{"0":0,"1":0,"2":0,"3":0,"4":0,"5":0,"6":0,"7":0},"b":{"0":[0,0],"1":[0,0]},"_coverageSchema":"1a1c01bbd47fc00a2c39e90264f33305004495a9","hash":"f3c63e4d5ccc133be4ac0a80d206cc9d75b928a4"}
,"D:\\CalgaryLY\\cly-pern\\client\\src\\components\\update\\Update.jsx": {"path":"D:\\CalgaryLY\\cly-pern\\client\\src\\components\\update\\Update.jsx","statementMap":{"0":{"start":{"line":8,"column":15},"end":{"line":50,"column":1}},"1":{"start":{"line":9,"column":40},"end":{"line":9,"column":54}},"2":{"start":{"line":10,"column":19},"end":{"line":10,"column":32}},"3":{"start":{"line":13,"column":25},"end":{"line":18,"column":3}},"4":{"start":{"line":14,"column":18},"end":{"line":14,"column":47}},"5":{"start":{"line":15,"column":4},"end":{"line":17,"column":5}},"6":{"start":{"line":16,"column":6},"end":{"line":16,"column":25}},"7":{"start":{"line":20,"column":2},"end":{"line":22,"column":9}},"8":{"start":{"line":21,"column":4},"end":{"line":21,"column":21}},"9":{"start":{"line":24,"column":20},"end":{"line":26,"column":3}},"10":{"start":{"line":25,"column":4},"end":{"line":25,"column":30}},"11":{"start":{"line":28,"column":21},"end":{"line":30,"column":3}},"12":{"start":{"line":29,"column":4},"end":{"line":29,"column":25}},"13":{"start":{"line":32,"column":2},"end":{"line":49,"column":4}},"14":{"start":{"line":37,"column":29},"end":{"line":37,"column":48}},"15":{"start":{"line":38,"column":29},"end":{"line":38,"column":48}},"16":{"start":{"line":39,"column":29},"end":{"line":39,"column":48}}},"fnMap":{"0":{"name":"(anonymous_0)","decl":{"start":{"line":8,"column":15},"end":{"line":8,"column":16}},"loc":{"start":{"line":8,"column":21},"end":{"line":50,"column":1}},"line":8},"1":{"name":"(anonymous_1)","decl":{"start":{"line":13,"column":25},"end":{"line":13,"column":26}},"loc":{"start":{"line":13,"column":31},"end":{"line":18,"column":3}},"line":13},"2":{"name":"(anonymous_2)","decl":{"start":{"line":20,"column":12},"end":{"line":20,"column":13}},"loc":{"start":{"line":20,"column":18},"end":{"line":22,"column":3}},"line":20},"3":{"name":"(anonymous_3)","decl":{"start":{"line":24,"column":20},"end":{"line":24,"column":21}},"loc":{"start":{"line":24,"column":35},"end":{"line":26,"column":3}},"line":24},"4":{"name":"(anonymous_4)","decl":{"start":{"line":28,"column":21},"end":{"line":28,"column":22}},"loc":{"start":{"line":28,"column":27},"end":{"line":30,"column":3}},"line":28},"5":{"name":"(anonymous_5)","decl":{"start":{"line":37,"column":23},"end":{"line":37,"column":24}},"loc":{"start":{"line":37,"column":29},"end":{"line":37,"column":48}},"line":37},"6":{"name":"(anonymous_6)","decl":{"start":{"line":38,"column":23},"end":{"line":38,"column":24}},"loc":{"start":{"line":38,"column":29},"end":{"line":38,"column":48}},"line":38},"7":{"name":"(anonymous_7)","decl":{"start":{"line":39,"column":23},"end":{"line":39,"column":24}},"loc":{"start":{"line":39,"column":29},"end":{"line":39,"column":48}},"line":39}},"branchMap":{"0":{"loc":{"start":{"line":15,"column":4},"end":{"line":17,"column":5}},"type":"if","locations":[{"start":{"line":15,"column":4},"end":{"line":17,"column":5}},{"start":{},"end":{}}],"line":15},"1":{"loc":{"start":{"line":44,"column":9},"end":{"line":44,"column":78}},"type":"binary-expr","locations":[{"start":{"line":44,"column":9},"end":{"line":44,"column":33}},{"start":{"line":44,"column":37},"end":{"line":44,"column":78}}],"line":44},"2":{"loc":{"start":{"line":45,"column":9},"end":{"line":45,"column":78}},"type":"binary-expr","locations":[{"start":{"line":45,"column":9},"end":{"line":45,"column":33}},{"start":{"line":45,"column":37},"end":{"line":45,"column":78}}],"line":45},"3":{"loc":{"start":{"line":46,"column":9},"end":{"line":46,"column":78}},"type":"binary-expr","locations":[{"start":{"line":46,"column":9},"end":{"line":46,"column":33}},{"start":{"line":46,"column":37},"end":{"line":46,"column":78}}],"line":46}},"s":{"0":1,"1":0,"2":0,"3":0,"4":0,"5":0,"6":0,"7":0,"8":0,"9":0,"10":0,"11":0,"12":0,"13":0,"14":0,"15":0,"16":0},"f":{"0":0,"1":0,"2":0,"3":0,"4":0,"5":0,"6":0,"7":0},"b":{"0":[0,0],"1":[0,0],"2":[0,0],"3":[0,0]},"_coverageSchema":"1a1c01bbd47fc00a2c39e90264f33305004495a9","hash":"1ec559e0c9e0ca27ce49bfedae6fd2d7c11d433d"}
,"D:\\CalgaryLY\\cly-pern\\client\\src\\components\\update\\UpdateEventModal.jsx": {"path":"D:\\CalgaryLY\\cly-pern\\client\\src\\components\\update\\UpdateEventModal.jsx","statementMap":{"0":{"start":{"line":5,"column":25},"end":{"line":149,"column":1}},"1":{"start":{"line":6,"column":30},"end":{"line":6,"column":42}},"2":{"start":{"line":7,"column":48},"end":{"line":7,"column":60}},"3":{"start":{"line":8,"column":38},"end":{"line":8,"column":50}},"4":{"start":{"line":9,"column":34},"end":{"line":19,"column":4}},"5":{"start":{"line":21,"column":2},"end":{"line":32,"column":9}},"6":{"start":{"line":22,"column":24},"end":{"line":29,"column":5}},"7":{"start":{"line":23,"column":6},"end":{"line":28,"column":7}},"8":{"start":{"line":24,"column":25},"end":{"line":24,"column":72}},"9":{"start":{"line":25,"column":8},"end":{"line":25,"column":40}},"10":{"start":{"line":27,"column":8},"end":{"line":27,"column":55}},"11":{"start":{"line":31,"column":4},"end":{"line":31,"column":18}},"12":{"start":{"line":34,"column":28},"end":{"line":53,"column":3}},"13":{"start":{"line":35,"column":26},"end":{"line":35,"column":84}},"14":{"start":{"line":35,"column":47},"end":{"line":35,"column":83}},"15":{"start":{"line":36,"column":4},"end":{"line":39,"column":5}},"16":{"start":{"line":37,"column":6},"end":{"line":37,"column":59}},"17":{"start":{"line":38,"column":6},"end":{"line":38,"column":13}},"18":{"start":{"line":41,"column":4},"end":{"line":41,"column":32}},"19":{"start":{"line":42,"column":4},"end":{"line":52,"column":7}},"20":{"start":{"line":55,"column":23},"end":{"line":61,"column":3}},"21":{"start":{"line":56,"column":28},"end":{"line":56,"column":36}},"22":{"start":{"line":57,"column":4},"end":{"line":60,"column":8}},"23":{"start":{"line":57,"column":31},"end":{"line":60,"column":5}},"24":{"start":{"line":63,"column":23},"end":{"line":89,"column":3}},"25":{"start":{"line":64,"column":4},"end":{"line":64,"column":23}},"26":{"start":{"line":65,"column":18},"end":{"line":65,"column":47}},"27":{"start":{"line":67,"column":4},"end":{"line":88,"column":5}},"28":{"start":{"line":68,"column":23},"end":{"line":77,"column":7}},"29":{"start":{"line":79,"column":6},"end":{"line":84,"column":7}},"30":{"start":{"line":80,"column":8},"end":{"line":80,"column":45}},"31":{"start":{"line":81,"column":8},"end":{"line":81,"column":18}},"32":{"start":{"line":83,"column":8},"end":{"line":83,"column":39}},"33":{"start":{"line":86,"column":6},"end":{"line":86,"column":52}},"34":{"start":{"line":87,"column":6},"end":{"line":87,"column":36}},"35":{"start":{"line":91,"column":25},"end":{"line":93,"column":3}},"36":{"start":{"line":92,"column":4},"end":{"line":92,"column":69}},"37":{"start":{"line":95,"column":2},"end":{"line":148,"column":4}},"38":{"start":{"line":104,"column":29},"end":{"line":104,"column":58}},"39":{"start":{"line":108,"column":35},"end":{"line":108,"column":68}},"40":{"start":{"line":111,"column":14},"end":{"line":113,"column":23}},"41":{"start":{"line":137,"column":16},"end":{"line":139,"column":21}}},"fnMap":{"0":{"name":"(anonymous_0)","decl":{"start":{"line":5,"column":25},"end":{"line":5,"column":26}},"loc":{"start":{"line":5,"column":42},"end":{"line":149,"column":1}},"line":5},"1":{"name":"(anonymous_1)","decl":{"start":{"line":21,"column":12},"end":{"line":21,"column":13}},"loc":{"start":{"line":21,"column":18},"end":{"line":32,"column":3}},"line":21},"2":{"name":"(anonymous_2)","decl":{"start":{"line":22,"column":24},"end":{"line":22,"column":25}},"loc":{"start":{"line":22,"column":36},"end":{"line":29,"column":5}},"line":22},"3":{"name":"(anonymous_3)","decl":{"start":{"line":34,"column":28},"end":{"line":34,"column":29}},"loc":{"start":{"line":34,"column":41},"end":{"line":53,"column":3}},"line":34},"4":{"name":"(anonymous_4)","decl":{"start":{"line":35,"column":38},"end":{"line":35,"column":39}},"loc":{"start":{"line":35,"column":47},"end":{"line":35,"column":83}},"line":35},"5":{"name":"(anonymous_5)","decl":{"start":{"line":55,"column":23},"end":{"line":55,"column":24}},"loc":{"start":{"line":55,"column":30},"end":{"line":61,"column":3}},"line":55},"6":{"name":"(anonymous_6)","decl":{"start":{"line":57,"column":16},"end":{"line":57,"column":17}},"loc":{"start":{"line":57,"column":31},"end":{"line":60,"column":5}},"line":57},"7":{"name":"(anonymous_7)","decl":{"start":{"line":63,"column":23},"end":{"line":63,"column":24}},"loc":{"start":{"line":63,"column":36},"end":{"line":89,"column":3}},"line":63},"8":{"name":"(anonymous_8)","decl":{"start":{"line":91,"column":39},"end":{"line":91,"column":40}},"loc":{"start":{"line":92,"column":4},"end":{"line":92,"column":69}},"line":92},"9":{"name":"(anonymous_9)","decl":{"start":{"line":104,"column":22},"end":{"line":104,"column":23}},"loc":{"start":{"line":104,"column":29},"end":{"line":104,"column":58}},"line":104},"10":{"name":"(anonymous_10)","decl":{"start":{"line":108,"column":28},"end":{"line":108,"column":29}},"loc":{"start":{"line":108,"column":35},"end":{"line":108,"column":68}},"line":108},"11":{"name":"(anonymous_11)","decl":{"start":{"line":110,"column":32},"end":{"line":110,"column":33}},"loc":{"start":{"line":111,"column":14},"end":{"line":113,"column":23}},"line":111},"12":{"name":"(anonymous_12)","decl":{"start":{"line":136,"column":25},"end":{"line":136,"column":26}},"loc":{"start":{"line":137,"column":16},"end":{"line":139,"column":21}},"line":137}},"branchMap":{"0":{"loc":{"start":{"line":36,"column":4},"end":{"line":39,"column":5}},"type":"if","locations":[{"start":{"line":36,"column":4},"end":{"line":39,"column":5}},{"start":{},"end":{}}],"line":36},"1":{"loc":{"start":{"line":43,"column":18},"end":{"line":43,"column":48}},"type":"binary-expr","locations":[{"start":{"line":43,"column":18},"end":{"line":43,"column":42}},{"start":{"line":43,"column":46},"end":{"line":43,"column":48}}],"line":43},"2":{"loc":{"start":{"line":44,"column":18},"end":{"line":44,"column":88}},"type":"cond-expr","locations":[{"start":{"line":44,"column":45},"end":{"line":44,"column":83}},{"start":{"line":44,"column":86},"end":{"line":44,"column":88}}],"line":44},"3":{"loc":{"start":{"line":45,"column":18},"end":{"line":45,"column":48}},"type":"binary-expr","locations":[{"start":{"line":45,"column":18},"end":{"line":45,"column":42}},{"start":{"line":45,"column":46},"end":{"line":45,"column":48}}],"line":45},"4":{"loc":{"start":{"line":46,"column":16},"end":{"line":46,"column":44}},"type":"binary-expr","locations":[{"start":{"line":46,"column":16},"end":{"line":46,"column":38}},{"start":{"line":46,"column":42},"end":{"line":46,"column":44}}],"line":46},"5":{"loc":{"start":{"line":47,"column":22},"end":{"line":47,"column":56}},"type":"binary-expr","locations":[{"start":{"line":47,"column":22},"end":{"line":47,"column":50}},{"start":{"line":47,"column":54},"end":{"line":47,"column":56}}],"line":47},"6":{"loc":{"start":{"line":48,"column":17},"end":{"line":48,"column":46}},"type":"binary-expr","locations":[{"start":{"line":48,"column":17},"end":{"line":48,"column":40}},{"start":{"line":48,"column":44},"end":{"line":48,"column":46}}],"line":48},"7":{"loc":{"start":{"line":49,"column":25},"end":{"line":49,"column":62}},"type":"binary-expr","locations":[{"start":{"line":49,"column":25},"end":{"line":49,"column":56}},{"start":{"line":49,"column":60},"end":{"line":49,"column":62}}],"line":49},"8":{"loc":{"start":{"line":50,"column":18},"end":{"line":50,"column":48}},"type":"binary-expr","locations":[{"start":{"line":50,"column":18},"end":{"line":50,"column":42}},{"start":{"line":50,"column":46},"end":{"line":50,"column":48}}],"line":50},"9":{"loc":{"start":{"line":51,"column":13},"end":{"line":51,"column":38}},"type":"binary-expr","locations":[{"start":{"line":51,"column":13},"end":{"line":51,"column":32}},{"start":{"line":51,"column":36},"end":{"line":51,"column":38}}],"line":51},"10":{"loc":{"start":{"line":79,"column":6},"end":{"line":84,"column":7}},"type":"if","locations":[{"start":{"line":79,"column":6},"end":{"line":84,"column":7}},{"start":{"line":82,"column":13},"end":{"line":84,"column":7}}],"line":79},"11":{"loc":{"start":{"line":135,"column":13},"end":{"line":143,"column":13}},"type":"cond-expr","locations":[{"start":{"line":136,"column":14},"end":{"line":140,"column":16}},{"start":{"line":142,"column":14},"end":{"line":142,"column":43}}],"line":135}},"s":{"0":1,"1":0,"2":0,"3":0,"4":0,"5":0,"6":0,"7":0,"8":0,"9":0,"10":0,"11":0,"12":0,"13":0,"14":0,"15":0,"16":0,"17":0,"18":0,"19":0,"20":0,"21":0,"22":0,"23":0,"24":0,"25":0,"26":0,"27":0,"28":0,"29":0,"30":0,"31":0,"32":0,"33":0,"34":0,"35":0,"36":0,"37":0,"38":0,"39":0,"40":0,"41":0},"f":{"0":0,"1":0,"2":0,"3":0,"4":0,"5":0,"6":0,"7":0,"8":0,"9":0,"10":0,"11":0,"12":0},"b":{"0":[0,0],"1":[0,0],"2":[0,0],"3":[0,0],"4":[0,0],"5":[0,0],"6":[0,0],"7":[0,0],"8":[0,0],"9":[0,0],"10":[0,0],"11":[0,0]},"_coverageSchema":"1a1c01bbd47fc00a2c39e90264f33305004495a9","hash":"fabe75ceb6e7874fdea2216ae5820b5a8c640258"}
}
